{"C:\\Users\\HP\\OneDrive\\Desktop\\ATLP\\my-brand-Tparfaite\\server\\my-brand-Tparfaite-backend\\src\\index.js":{"path":"C:\\Users\\HP\\OneDrive\\Desktop\\ATLP\\my-brand-Tparfaite\\server\\my-brand-Tparfaite-backend\\src\\index.js","statementMap":{"0":{"start":{"line":3,"column":29},"end":{"line":3,"column":84}},"1":{"start":{"line":4,"column":14},"end":{"line":4,"column":54}},"2":{"start":{"line":5,"column":0},"end":{"line":7,"column":3}},"3":{"start":{"line":8,"column":0},"end":{"line":8,"column":28}},"4":{"start":{"line":9,"column":15},"end":{"line":9,"column":57}},"5":{"start":{"line":10,"column":12},"end":{"line":10,"column":51}},"6":{"start":{"line":11,"column":14},"end":{"line":11,"column":55}},"7":{"start":{"line":12,"column":16},"end":{"line":12,"column":59}},"8":{"start":{"line":13,"column":10},"end":{"line":13,"column":58}},"9":{"start":{"line":14,"column":20},"end":{"line":14,"column":76}},"10":{"start":{"line":15,"column":17},"end":{"line":15,"column":70}},"11":{"start":{"line":16,"column":17},"end":{"line":16,"column":70}},"12":{"start":{"line":17,"column":18},"end":{"line":17,"column":72}},"13":{"start":{"line":18,"column":24},"end":{"line":18,"column":78}},"14":{"start":{"line":19,"column":21},"end":{"line":19,"column":71}},"15":{"start":{"line":20,"column":49},"end":{"line":20,"column":96}},"16":{"start":{"line":20,"column":84},"end":{"line":20,"column":96}},"17":{"start":{"line":20,"column":121},"end":{"line":20,"column":134}},"18":{"start":{"line":20,"column":159},"end":{"line":20,"column":172}},"19":{"start":{"line":20,"column":174},"end":{"line":20,"column":333}},"20":{"start":{"line":20,"column":258},"end":{"line":20,"column":316}},"21":{"start":{"line":21,"column":53},"end":{"line":21,"column":111}},"22":{"start":{"line":21,"column":98},"end":{"line":21,"column":109}},"23":{"start":{"line":21,"column":112},"end":{"line":21,"column":218}},"24":{"start":{"line":21,"column":190},"end":{"line":21,"column":216}},"25":{"start":{"line":21,"column":231},"end":{"line":21,"column":268}},"26":{"start":{"line":21,"column":270},"end":{"line":21,"column":325}},"27":{"start":{"line":21,"column":301},"end":{"line":21,"column":323}},"28":{"start":{"line":21,"column":339},"end":{"line":21,"column":341}},"29":{"start":{"line":21,"column":371},"end":{"line":21,"column":427}},"30":{"start":{"line":21,"column":429},"end":{"line":21,"column":730}},"31":{"start":{"line":21,"column":452},"end":{"line":21,"column":728}},"32":{"start":{"line":21,"column":538},"end":{"line":21,"column":610}},"33":{"start":{"line":21,"column":612},"end":{"line":21,"column":726}},"34":{"start":{"line":21,"column":650},"end":{"line":21,"column":691}},"35":{"start":{"line":21,"column":701},"end":{"line":21,"column":724}},"36":{"start":{"line":21,"column":731},"end":{"line":21,"column":755}},"37":{"start":{"line":21,"column":756},"end":{"line":21,"column":794}},"38":{"start":{"line":21,"column":769},"end":{"line":21,"column":792}},"39":{"start":{"line":21,"column":795},"end":{"line":21,"column":809}},"40":{"start":{"line":22,"column":0},"end":{"line":22,"column":46}},"41":{"start":{"line":23,"column":10},"end":{"line":23,"column":36}},"42":{"start":{"line":24,"column":0},"end":{"line":27,"column":4}},"43":{"start":{"line":28,"column":0},"end":{"line":28,"column":36}},"44":{"start":{"line":29,"column":0},"end":{"line":29,"column":28}},"45":{"start":{"line":30,"column":11},"end":{"line":30,"column":53}},"46":{"start":{"line":31,"column":0},"end":{"line":33,"column":3}},"47":{"start":{"line":32,"column":2},"end":{"line":32,"column":56}},"48":{"start":{"line":34,"column":0},"end":{"line":34,"column":22}},"49":{"start":{"line":35,"column":0},"end":{"line":35,"column":42}},"50":{"start":{"line":36,"column":0},"end":{"line":36,"column":39}},"51":{"start":{"line":37,"column":0},"end":{"line":37,"column":39}},"52":{"start":{"line":38,"column":0},"end":{"line":38,"column":40}},"53":{"start":{"line":39,"column":0},"end":{"line":39,"column":62}},"54":{"start":{"line":40,"column":0},"end":{"line":40,"column":89}},"55":{"start":{"line":41,"column":0},"end":{"line":41,"column":40}},"56":{"start":{"line":42,"column":15},"end":{"line":42,"column":18}},"57":{"start":{"line":43,"column":0},"end":{"line":43,"column":30}}},"fnMap":{"0":{"name":"_getRequireWildcardCache","decl":{"start":{"line":20,"column":9},"end":{"line":20,"column":33}},"loc":{"start":{"line":20,"column":47},"end":{"line":20,"column":335}},"line":20},"1":{"name":"_getRequireWildcardCache","decl":{"start":{"line":20,"column":218},"end":{"line":20,"column":242}},"loc":{"start":{"line":20,"column":256},"end":{"line":20,"column":318}},"line":20},"2":{"name":"_interopRequireWildcard","decl":{"start":{"line":21,"column":9},"end":{"line":21,"column":32}},"loc":{"start":{"line":21,"column":51},"end":{"line":21,"column":811}},"line":21},"3":{"name":"(anonymous_3)","decl":{"start":{"line":31,"column":17},"end":{"line":31,"column":18}},"loc":{"start":{"line":31,"column":29},"end":{"line":33,"column":1}},"line":31}},"branchMap":{"0":{"loc":{"start":{"line":20,"column":49},"end":{"line":20,"column":96}},"type":"if","locations":[{"start":{"line":20,"column":49},"end":{"line":20,"column":96}},{"start":{"line":20,"column":49},"end":{"line":20,"column":96}}],"line":20},"1":{"loc":{"start":{"line":20,"column":265},"end":{"line":20,"column":315}},"type":"cond-expr","locations":[{"start":{"line":20,"column":279},"end":{"line":20,"column":295}},{"start":{"line":20,"column":298},"end":{"line":20,"column":315}}],"line":20},"2":{"loc":{"start":{"line":21,"column":53},"end":{"line":21,"column":111}},"type":"if","locations":[{"start":{"line":21,"column":53},"end":{"line":21,"column":111}},{"start":{"line":21,"column":53},"end":{"line":21,"column":111}}],"line":21},"3":{"loc":{"start":{"line":21,"column":57},"end":{"line":21,"column":94}},"type":"binary-expr","locations":[{"start":{"line":21,"column":57},"end":{"line":21,"column":69}},{"start":{"line":21,"column":73},"end":{"line":21,"column":76}},{"start":{"line":21,"column":80},"end":{"line":21,"column":94}}],"line":21},"4":{"loc":{"start":{"line":21,"column":112},"end":{"line":21,"column":218}},"type":"if","locations":[{"start":{"line":21,"column":112},"end":{"line":21,"column":218}},{"start":{"line":21,"column":112},"end":{"line":21,"column":218}}],"line":21},"5":{"loc":{"start":{"line":21,"column":116},"end":{"line":21,"column":186}},"type":"binary-expr","locations":[{"start":{"line":21,"column":116},"end":{"line":21,"column":128}},{"start":{"line":21,"column":132},"end":{"line":21,"column":157}},{"start":{"line":21,"column":161},"end":{"line":21,"column":186}}],"line":21},"6":{"loc":{"start":{"line":21,"column":270},"end":{"line":21,"column":325}},"type":"if","locations":[{"start":{"line":21,"column":270},"end":{"line":21,"column":325}},{"start":{"line":21,"column":270},"end":{"line":21,"column":325}}],"line":21},"7":{"loc":{"start":{"line":21,"column":274},"end":{"line":21,"column":297}},"type":"binary-expr","locations":[{"start":{"line":21,"column":274},"end":{"line":21,"column":279}},{"start":{"line":21,"column":283},"end":{"line":21,"column":297}}],"line":21},"8":{"loc":{"start":{"line":21,"column":371},"end":{"line":21,"column":427}},"type":"binary-expr","locations":[{"start":{"line":21,"column":371},"end":{"line":21,"column":392}},{"start":{"line":21,"column":396},"end":{"line":21,"column":427}}],"line":21},"9":{"loc":{"start":{"line":21,"column":452},"end":{"line":21,"column":728}},"type":"if","locations":[{"start":{"line":21,"column":452},"end":{"line":21,"column":728}},{"start":{"line":21,"column":452},"end":{"line":21,"column":728}}],"line":21},"10":{"loc":{"start":{"line":21,"column":456},"end":{"line":21,"column":523}},"type":"binary-expr","locations":[{"start":{"line":21,"column":456},"end":{"line":21,"column":473}},{"start":{"line":21,"column":477},"end":{"line":21,"column":523}}],"line":21},"11":{"loc":{"start":{"line":21,"column":538},"end":{"line":21,"column":610}},"type":"cond-expr","locations":[{"start":{"line":21,"column":562},"end":{"line":21,"column":603}},{"start":{"line":21,"column":606},"end":{"line":21,"column":610}}],"line":21},"12":{"loc":{"start":{"line":21,"column":612},"end":{"line":21,"column":726}},"type":"if","locations":[{"start":{"line":21,"column":612},"end":{"line":21,"column":726}},{"start":{"line":21,"column":612},"end":{"line":21,"column":726}}],"line":21},"13":{"loc":{"start":{"line":21,"column":616},"end":{"line":21,"column":646}},"type":"binary-expr","locations":[{"start":{"line":21,"column":616},"end":{"line":21,"column":620}},{"start":{"line":21,"column":625},"end":{"line":21,"column":633}},{"start":{"line":21,"column":637},"end":{"line":21,"column":645}}],"line":21},"14":{"loc":{"start":{"line":21,"column":756},"end":{"line":21,"column":794}},"type":"if","locations":[{"start":{"line":21,"column":756},"end":{"line":21,"column":794}},{"start":{"line":21,"column":756},"end":{"line":21,"column":794}}],"line":21},"15":{"loc":{"start":{"line":30,"column":11},"end":{"line":30,"column":53}},"type":"cond-expr","locations":[{"start":{"line":30,"column":30},"end":{"line":30,"column":46}},{"start":{"line":30,"column":49},"end":{"line":30,"column":53}}],"line":30}},"s":{"0":1,"1":1,"2":1,"3":1,"4":1,"5":1,"6":1,"7":1,"8":1,"9":1,"10":1,"11":1,"12":1,"13":1,"14":1,"15":1,"16":0,"17":1,"18":1,"19":1,"20":1,"21":1,"22":0,"23":1,"24":0,"25":1,"26":1,"27":0,"28":1,"29":1,"30":1,"31":5,"32":5,"33":5,"34":0,"35":5,"36":1,"37":1,"38":1,"39":1,"40":1,"41":1,"42":1,"43":1,"44":1,"45":1,"46":1,"47":1,"48":1,"49":1,"50":1,"51":1,"52":1,"53":1,"54":1,"55":1,"56":1,"57":1},"f":{"0":1,"1":1,"2":1,"3":1},"b":{"0":[0,1],"1":[0,1],"2":[0,1],"3":[1,1,1],"4":[0,1],"5":[1,1,0],"6":[0,1],"7":[1,1],"8":[1,1],"9":[5,0],"10":[5,5],"11":[5,0],"12":[0,5],"13":[5,5,5],"14":[1,0],"15":[1,0]},"inputSourceMap":{"version":3,"names":["mongoose","set","app","express","use","cors","origin","methods","json","dotenv","config","port","process","env","PORT","listen","console","log","dbConnect","ContactRoute","UserRoute","BlogRoute","AdminRoute","swaggerDoc","serve","setup","swaggerDocumentation"],"sourceRoot":"C:\\Users\\HP\\OneDrive\\Desktop\\ATLP\\my-brand-Tparfaite\\server\\my-brand-Tparfaite-backend\\src\\","sources":["index.js"],"sourcesContent":["import express from \"express\";\r\nimport cors from \"cors\";\r\nimport dotenv from \"dotenv\";\r\nimport mongoose from \"mongoose\";\r\nimport dbConnect from \"./database/db\";\r\nimport ContactRoute from \"./routes/contactRoute\";\r\nimport UserRoute from \"./routes/userRoute\";\r\nimport BlogRoute from \"./routes/blogRoute\";\r\nimport AdminRoute from \"./routes/adminRoute\";\r\nimport {serve, setup} from \"swagger-ui-express\";\r\nimport swaggerDoc from \"swagger-ui-express\";\r\nimport swaggerDocumentation from \"./documentation\";\r\n\r\n\r\n\r\nmongoose.set('strictQuery',true);\r\n\r\n\r\nconst app=express();\r\n\r\napp.use(cors({origin:\"*\", methods: ['GET', 'POST', 'DELETE', 'UPDATE', 'PUT', 'PATCH']}));\r\n\r\napp.use(express.json());\r\ndotenv.config();\r\n\r\nconst port=process.env.PORT ? process.env.PORT:3005;\r\napp.listen(port,()=>{\r\n    console.log(`server is listening port ${port}`);\r\n})\r\n\r\ndbConnect();\r\n\r\napp.use(\"/api\",ContactRoute);\r\napp.use(\"/api\",UserRoute);\r\napp.use(\"/api\",BlogRoute);\r\napp.use(\"/api\",AdminRoute);\r\napp.use(\"/documentation\",swaggerDoc.serve);\r\napp.use(\"/documentation\",swaggerDoc.setup(swaggerDocumentation))\r\n\r\nconsole.log(\"My brand project backend\");\r\n\r\n\r\nexport default app;"],"mappings":";;;;;;;;AAAA;AACA;AACA;AACA;AACA;AACA;AACA;AACA;AACA;AACA;AAEA;AAAmD;AAAA;AAInDA,oBAAQ,CAACC,GAAG,CAAC,aAAa,EAAC,IAAI,CAAC;AAGhC,IAAMC,GAAG,GAAC,IAAAC,mBAAO,GAAE;AAEnBD,GAAG,CAACE,GAAG,CAAC,IAAAC,gBAAI,EAAC;EAACC,MAAM,EAAC,GAAG;EAAEC,OAAO,EAAE,CAAC,KAAK,EAAE,MAAM,EAAE,QAAQ,EAAE,QAAQ,EAAE,KAAK,EAAE,OAAO;AAAC,CAAC,CAAC,CAAC;AAEzFL,GAAG,CAACE,GAAG,CAACD,mBAAO,CAACK,IAAI,EAAE,CAAC;AACvBC,kBAAM,CAACC,MAAM,EAAE;AAEf,IAAMC,IAAI,GAACC,OAAO,CAACC,GAAG,CAACC,IAAI,GAAGF,OAAO,CAACC,GAAG,CAACC,IAAI,GAAC,IAAI;AACnDZ,GAAG,CAACa,MAAM,CAACJ,IAAI,EAAC,YAAI;EAChBK,OAAO,CAACC,GAAG,oCAA6BN,IAAI,EAAG;AACnD,CAAC,CAAC;AAEF,IAAAO,cAAS,GAAE;AAEXhB,GAAG,CAACE,GAAG,CAAC,MAAM,EAACe,wBAAY,CAAC;AAC5BjB,GAAG,CAACE,GAAG,CAAC,MAAM,EAACgB,qBAAS,CAAC;AACzBlB,GAAG,CAACE,GAAG,CAAC,MAAM,EAACiB,qBAAS,CAAC;AACzBnB,GAAG,CAACE,GAAG,CAAC,MAAM,EAACkB,sBAAU,CAAC;AAC1BpB,GAAG,CAACE,GAAG,CAAC,gBAAgB,EAACmB,4BAAU,CAACC,KAAK,CAAC;AAC1CtB,GAAG,CAACE,GAAG,CAAC,gBAAgB,EAACmB,4BAAU,CAACE,KAAK,CAACC,yBAAoB,CAAC,CAAC;AAEhEV,OAAO,CAACC,GAAG,CAAC,0BAA0B,CAAC;AAAC,eAGzBf,GAAG;AAAA"},"_coverageSchema":"1a1c01bbd47fc00a2c39e90264f33305004495a9","hash":"cd4acaa149aa52797a22ba037c9b9647411d4edc","contentHash":"88f6fac01de5c440cb593a001f9c617decf4d5bcb53f257107906036bcd56851"},"C:\\Users\\HP\\OneDrive\\Desktop\\ATLP\\my-brand-Tparfaite\\server\\my-brand-Tparfaite-backend\\src\\database\\db.js":{"path":"C:\\Users\\HP\\OneDrive\\Desktop\\ATLP\\my-brand-Tparfaite\\server\\my-brand-Tparfaite-backend\\src\\database\\db.js","statementMap":{"0":{"start":{"line":3,"column":29},"end":{"line":3,"column":84}},"1":{"start":{"line":4,"column":0},"end":{"line":6,"column":3}},"2":{"start":{"line":7,"column":0},"end":{"line":7,"column":28}},"3":{"start":{"line":8,"column":19},"end":{"line":8,"column":80}},"4":{"start":{"line":9,"column":25},"end":{"line":9,"column":99}},"5":{"start":{"line":10,"column":16},"end":{"line":10,"column":59}},"6":{"start":{"line":11,"column":29},"end":{"line":39,"column":3}},"7":{"start":{"line":12,"column":13},"end":{"line":35,"column":5}},"8":{"start":{"line":13,"column":4},"end":{"line":34,"column":32}},"9":{"start":{"line":14,"column":6},"end":{"line":33,"column":7}},"10":{"start":{"line":14,"column":16},"end":{"line":33,"column":7}},"11":{"start":{"line":16,"column":10},"end":{"line":16,"column":28}},"12":{"start":{"line":17,"column":10},"end":{"line":17,"column":28}},"13":{"start":{"line":18,"column":10},"end":{"line":21,"column":13}},"14":{"start":{"line":23,"column":10},"end":{"line":23,"column":60}},"15":{"start":{"line":24,"column":10},"end":{"line":24,"column":28}},"16":{"start":{"line":25,"column":10},"end":{"line":25,"column":16}},"17":{"start":{"line":27,"column":10},"end":{"line":27,"column":28}},"18":{"start":{"line":28,"column":10},"end":{"line":28,"column":45}},"19":{"start":{"line":29,"column":10},"end":{"line":29,"column":43}},"20":{"start":{"line":32,"column":10},"end":{"line":32,"column":33}},"21":{"start":{"line":36,"column":2},"end":{"line":38,"column":4}},"22":{"start":{"line":37,"column":4},"end":{"line":37,"column":39}},"23":{"start":{"line":40,"column":15},"end":{"line":40,"column":24}},"24":{"start":{"line":41,"column":0},"end":{"line":41,"column":30}}},"fnMap":{"0":{"name":"(anonymous_0)","decl":{"start":{"line":11,"column":29},"end":{"line":11,"column":30}},"loc":{"start":{"line":11,"column":41},"end":{"line":39,"column":1}},"line":11},"1":{"name":"_callee","decl":{"start":{"line":12,"column":100},"end":{"line":12,"column":107}},"loc":{"start":{"line":12,"column":110},"end":{"line":35,"column":3}},"line":12},"2":{"name":"_callee$","decl":{"start":{"line":13,"column":49},"end":{"line":13,"column":57}},"loc":{"start":{"line":13,"column":68},"end":{"line":34,"column":5}},"line":13},"3":{"name":"dbConnect","decl":{"start":{"line":36,"column":18},"end":{"line":36,"column":27}},"loc":{"start":{"line":36,"column":30},"end":{"line":38,"column":3}},"line":36}},"branchMap":{"0":{"loc":{"start":{"line":14,"column":16},"end":{"line":33,"column":7}},"type":"switch","locations":[{"start":{"line":15,"column":8},"end":{"line":21,"column":13}},{"start":{"line":22,"column":8},"end":{"line":25,"column":16}},{"start":{"line":26,"column":8},"end":{"line":29,"column":43}},{"start":{"line":30,"column":8},"end":{"line":30,"column":15}},{"start":{"line":31,"column":8},"end":{"line":32,"column":33}}],"line":14}},"s":{"0":1,"1":1,"2":1,"3":1,"4":1,"5":1,"6":1,"7":1,"8":1,"9":2,"10":3,"11":1,"12":1,"13":1,"14":1,"15":1,"16":1,"17":0,"18":0,"19":0,"20":1,"21":1,"22":1,"23":1,"24":1},"f":{"0":1,"1":1,"2":2,"3":1},"b":{"0":[1,1,0,1,1]},"inputSourceMap":{"version":3,"names":["dbConnect","mongoose","connect","process","env","MONGODB_URL","useNewUrlParser","useUnifiedTopology","console","log","message"],"sourceRoot":"C:\\Users\\HP\\OneDrive\\Desktop\\ATLP\\my-brand-Tparfaite\\server\\my-brand-Tparfaite-backend\\src\\database\\","sources":["db.js"],"sourcesContent":["import mongoose from \"mongoose\";\r\n\r\n\r\nconst dbConnect=async()=>{\r\n    try{\r\n        await mongoose.connect(process.env.MONGODB_URL,{\r\n            useNewUrlParser:true,\r\n            useUnifiedTopology:true\r\n        })\r\n\r\n        console.log(\"database is connected successfully\")\r\n\r\n    }\r\n    catch(error){\r\n     console.log(error.message)\r\n    }\r\n}\r\n\r\n\r\nexport default dbConnect;"],"mappings":";;;;;;;;;AAAA;AAGA,IAAMA,SAAS;EAAA,yFAAC;IAAA;MAAA;QAAA;UAAA;UAAA;UAAA,OAEFC,oBAAQ,CAACC,OAAO,CAACC,OAAO,CAACC,GAAG,CAACC,WAAW,EAAC;YAC3CC,eAAe,EAAC,IAAI;YACpBC,kBAAkB,EAAC;UACvB,CAAC,CAAC;QAAA;UAEFC,OAAO,CAACC,GAAG,CAAC,oCAAoC,CAAC;UAAA;UAAA;QAAA;UAAA;UAAA;UAIpDD,OAAO,CAACC,GAAG,CAAC,YAAMC,OAAO,CAAC;QAAA;QAAA;UAAA;MAAA;IAAA;EAAA,CAE9B;EAAA,gBAbKV,SAAS;IAAA;EAAA;AAAA,GAad;AAAA,eAGcA,SAAS;AAAA"},"_coverageSchema":"1a1c01bbd47fc00a2c39e90264f33305004495a9","hash":"41e56d3e50abb22448ff942938616e2ddee079d6","contentHash":"7f56d6c75898545c3bae5ad098f22ddbc04a7704d22288301edad2ceef0b294e"},"C:\\Users\\HP\\OneDrive\\Desktop\\ATLP\\my-brand-Tparfaite\\server\\my-brand-Tparfaite-backend\\src\\routes\\contactRoute.js":{"path":"C:\\Users\\HP\\OneDrive\\Desktop\\ATLP\\my-brand-Tparfaite\\server\\my-brand-Tparfaite-backend\\src\\routes\\contactRoute.js","statementMap":{"0":{"start":{"line":3,"column":29},"end":{"line":3,"column":84}},"1":{"start":{"line":4,"column":0},"end":{"line":6,"column":3}},"2":{"start":{"line":7,"column":0},"end":{"line":7,"column":28}},"3":{"start":{"line":8,"column":15},"end":{"line":8,"column":57}},"4":{"start":{"line":9,"column":25},"end":{"line":9,"column":91}},"5":{"start":{"line":10,"column":24},"end":{"line":10,"column":89}},"6":{"start":{"line":11,"column":20},"end":{"line":11,"column":81}},"7":{"start":{"line":12,"column":19},"end":{"line":12,"column":47}},"8":{"start":{"line":13,"column":0},"end":{"line":13,"column":111}},"9":{"start":{"line":14,"column":0},"end":{"line":14,"column":105}},"10":{"start":{"line":15,"column":0},"end":{"line":15,"column":116}},"11":{"start":{"line":16,"column":0},"end":{"line":16,"column":90}},"12":{"start":{"line":17,"column":15},"end":{"line":17,"column":27}},"13":{"start":{"line":18,"column":0},"end":{"line":18,"column":30}}},"fnMap":{},"branchMap":{},"s":{"0":1,"1":1,"2":1,"3":1,"4":1,"5":1,"6":1,"7":1,"8":1,"9":1,"10":1,"11":1,"12":1,"13":1},"f":{},"b":{},"inputSourceMap":{"version":3,"names":["ContactRoute","express","Router","post","validatedContact","ContactController","CreateMessage","get","verifyToken","getMessages","getSingleMessage","deleteMessage"],"sourceRoot":"C:\\Users\\HP\\OneDrive\\Desktop\\ATLP\\my-brand-Tparfaite\\server\\my-brand-Tparfaite-backend\\src\\routes\\","sources":["contactRoute.js"],"sourcesContent":["import express from \"express\";\r\nimport ContactController from \"../controller/contactController\";\r\nimport validatedContact from \"../middleWare/validatedContact\";\r\nimport verifyToken from \"../middleWare/authenticate\";\r\n\r\nconst ContactRoute=express.Router();\r\n\r\nContactRoute.post(\"/createMessage\", validatedContact,ContactController.CreateMessage);\r\nContactRoute.get(\"/getAllMessages\",verifyToken,ContactController.getMessages);\r\nContactRoute.get(\"/getSingleMessage/:id\",verifyToken,ContactController.getSingleMessage);\r\nContactRoute.delete(\"/deleteMessage/:id\",ContactController.deleteMessage);\r\n\r\nexport default ContactRoute;"],"mappings":";;;;;;;AAAA;AACA;AACA;AACA;AAEA,IAAMA,YAAY,GAACC,mBAAO,CAACC,MAAM,EAAE;AAEnCF,YAAY,CAACG,IAAI,CAAC,gBAAgB,EAAEC,4BAAgB,EAACC,6BAAiB,CAACC,aAAa,CAAC;AACrFN,YAAY,CAACO,GAAG,CAAC,iBAAiB,EAACC,wBAAW,EAACH,6BAAiB,CAACI,WAAW,CAAC;AAC7ET,YAAY,CAACO,GAAG,CAAC,uBAAuB,EAACC,wBAAW,EAACH,6BAAiB,CAACK,gBAAgB,CAAC;AACxFV,YAAY,UAAO,CAAC,oBAAoB,EAACK,6BAAiB,CAACM,aAAa,CAAC;AAAC,eAE3DX,YAAY;AAAA"},"_coverageSchema":"1a1c01bbd47fc00a2c39e90264f33305004495a9","hash":"00d4b63369d32c42ccf35a0cda72ee1ac5434d86","contentHash":"776aaaa19ab07bc1426b78d6542a345f411e824039034d741e14d02852794433"},"C:\\Users\\HP\\OneDrive\\Desktop\\ATLP\\my-brand-Tparfaite\\server\\my-brand-Tparfaite-backend\\src\\controller\\contactController.js":{"path":"C:\\Users\\HP\\OneDrive\\Desktop\\ATLP\\my-brand-Tparfaite\\server\\my-brand-Tparfaite-backend\\src\\controller\\contactController.js","statementMap":{"0":{"start":{"line":3,"column":29},"end":{"line":3,"column":84}},"1":{"start":{"line":4,"column":0},"end":{"line":6,"column":3}},"2":{"start":{"line":7,"column":0},"end":{"line":7,"column":28}},"3":{"start":{"line":8,"column":19},"end":{"line":8,"column":80}},"4":{"start":{"line":9,"column":25},"end":{"line":9,"column":99}},"5":{"start":{"line":10,"column":23},"end":{"line":10,"column":95}},"6":{"start":{"line":11,"column":20},"end":{"line":11,"column":89}},"7":{"start":{"line":12,"column":20},"end":{"line":12,"column":77}},"8":{"start":{"line":13,"column":37},"end":{"line":177,"column":3}},"9":{"start":{"line":15,"column":4},"end":{"line":15,"column":62}},"10":{"start":{"line":17,"column":2},"end":{"line":175,"column":6}},"11":{"start":{"line":20,"column":27},"end":{"line":54,"column":9}},"12":{"start":{"line":22,"column":8},"end":{"line":53,"column":36}},"13":{"start":{"line":23,"column":10},"end":{"line":52,"column":11}},"14":{"start":{"line":23,"column":20},"end":{"line":52,"column":11}},"15":{"start":{"line":25,"column":14},"end":{"line":25,"column":32}},"16":{"start":{"line":26,"column":14},"end":{"line":31,"column":17}},"17":{"start":{"line":32,"column":14},"end":{"line":32,"column":32}},"18":{"start":{"line":33,"column":14},"end":{"line":33,"column":37}},"19":{"start":{"line":35,"column":14},"end":{"line":38,"column":17}},"20":{"start":{"line":39,"column":14},"end":{"line":39,"column":45}},"21":{"start":{"line":40,"column":14},"end":{"line":40,"column":33}},"22":{"start":{"line":41,"column":14},"end":{"line":41,"column":20}},"23":{"start":{"line":43,"column":14},"end":{"line":43,"column":32}},"24":{"start":{"line":44,"column":14},"end":{"line":44,"column":49}},"25":{"start":{"line":45,"column":14},"end":{"line":48,"column":17}},"26":{"start":{"line":51,"column":14},"end":{"line":51,"column":37}},"27":{"start":{"line":56,"column":8},"end":{"line":56,"column":53}},"28":{"start":{"line":58,"column":6},"end":{"line":58,"column":27}},"29":{"start":{"line":63,"column":25},"end":{"line":93,"column":9}},"30":{"start":{"line":65,"column":8},"end":{"line":92,"column":37}},"31":{"start":{"line":66,"column":10},"end":{"line":91,"column":11}},"32":{"start":{"line":66,"column":20},"end":{"line":91,"column":11}},"33":{"start":{"line":68,"column":14},"end":{"line":68,"column":33}},"34":{"start":{"line":69,"column":14},"end":{"line":69,"column":33}},"35":{"start":{"line":70,"column":14},"end":{"line":70,"column":53}},"36":{"start":{"line":72,"column":14},"end":{"line":72,"column":40}},"37":{"start":{"line":73,"column":14},"end":{"line":78,"column":17}},"38":{"start":{"line":79,"column":14},"end":{"line":79,"column":34}},"39":{"start":{"line":80,"column":14},"end":{"line":80,"column":20}},"40":{"start":{"line":82,"column":14},"end":{"line":82,"column":33}},"41":{"start":{"line":83,"column":14},"end":{"line":83,"column":51}},"42":{"start":{"line":84,"column":14},"end":{"line":87,"column":17}},"43":{"start":{"line":90,"column":14},"end":{"line":90,"column":38}},"44":{"start":{"line":95,"column":8},"end":{"line":95,"column":51}},"45":{"start":{"line":97,"column":6},"end":{"line":97,"column":25}},"46":{"start":{"line":102,"column":30},"end":{"line":134,"column":9}},"47":{"start":{"line":104,"column":8},"end":{"line":133,"column":37}},"48":{"start":{"line":105,"column":10},"end":{"line":132,"column":11}},"49":{"start":{"line":105,"column":20},"end":{"line":132,"column":11}},"50":{"start":{"line":107,"column":14},"end":{"line":107,"column":33}},"51":{"start":{"line":108,"column":14},"end":{"line":108,"column":33}},"52":{"start":{"line":109,"column":14},"end":{"line":111,"column":17}},"53":{"start":{"line":113,"column":14},"end":{"line":113,"column":39}},"54":{"start":{"line":114,"column":14},"end":{"line":119,"column":17}},"55":{"start":{"line":120,"column":14},"end":{"line":120,"column":34}},"56":{"start":{"line":121,"column":14},"end":{"line":121,"column":20}},"57":{"start":{"line":123,"column":14},"end":{"line":123,"column":33}},"58":{"start":{"line":124,"column":14},"end":{"line":124,"column":51}},"59":{"start":{"line":125,"column":14},"end":{"line":128,"column":17}},"60":{"start":{"line":131,"column":14},"end":{"line":131,"column":38}},"61":{"start":{"line":136,"column":8},"end":{"line":136,"column":56}},"62":{"start":{"line":138,"column":6},"end":{"line":138,"column":30}},"63":{"start":{"line":143,"column":27},"end":{"line":169,"column":9}},"64":{"start":{"line":144,"column":8},"end":{"line":168,"column":37}},"65":{"start":{"line":145,"column":10},"end":{"line":167,"column":11}},"66":{"start":{"line":145,"column":20},"end":{"line":167,"column":11}},"67":{"start":{"line":147,"column":14},"end":{"line":147,"column":33}},"68":{"start":{"line":148,"column":14},"end":{"line":148,"column":33}},"69":{"start":{"line":149,"column":14},"end":{"line":149,"column":79}},"70":{"start":{"line":151,"column":14},"end":{"line":154,"column":17}},"71":{"start":{"line":155,"column":14},"end":{"line":155,"column":33}},"72":{"start":{"line":156,"column":14},"end":{"line":156,"column":20}},"73":{"start":{"line":158,"column":14},"end":{"line":158,"column":33}},"74":{"start":{"line":159,"column":14},"end":{"line":159,"column":51}},"75":{"start":{"line":160,"column":14},"end":{"line":163,"column":17}},"76":{"start":{"line":166,"column":14},"end":{"line":166,"column":38}},"77":{"start":{"line":171,"column":8},"end":{"line":171,"column":53}},"78":{"start":{"line":173,"column":6},"end":{"line":173,"column":27}},"79":{"start":{"line":176,"column":2},"end":{"line":176,"column":27}},"80":{"start":{"line":178,"column":15},"end":{"line":178,"column":32}},"81":{"start":{"line":179,"column":0},"end":{"line":179,"column":30}}},"fnMap":{"0":{"name":"(anonymous_0)","decl":{"start":{"line":13,"column":37},"end":{"line":13,"column":38}},"loc":{"start":{"line":13,"column":49},"end":{"line":177,"column":1}},"line":13},"1":{"name":"ContactController","decl":{"start":{"line":14,"column":11},"end":{"line":14,"column":28}},"loc":{"start":{"line":14,"column":31},"end":{"line":16,"column":3}},"line":14},"2":{"name":"(anonymous_2)","decl":{"start":{"line":19,"column":11},"end":{"line":19,"column":12}},"loc":{"start":{"line":19,"column":23},"end":{"line":59,"column":5}},"line":19},"3":{"name":"_callee","decl":{"start":{"line":20,"column":114},"end":{"line":20,"column":121}},"loc":{"start":{"line":20,"column":132},"end":{"line":54,"column":7}},"line":20},"4":{"name":"_callee$","decl":{"start":{"line":22,"column":53},"end":{"line":22,"column":61}},"loc":{"start":{"line":22,"column":72},"end":{"line":53,"column":9}},"line":22},"5":{"name":"CreateMessage","decl":{"start":{"line":55,"column":15},"end":{"line":55,"column":28}},"loc":{"start":{"line":55,"column":38},"end":{"line":57,"column":7}},"line":55},"6":{"name":"(anonymous_6)","decl":{"start":{"line":62,"column":11},"end":{"line":62,"column":12}},"loc":{"start":{"line":62,"column":23},"end":{"line":98,"column":5}},"line":62},"7":{"name":"_callee2","decl":{"start":{"line":63,"column":112},"end":{"line":63,"column":120}},"loc":{"start":{"line":63,"column":131},"end":{"line":93,"column":7}},"line":63},"8":{"name":"_callee2$","decl":{"start":{"line":65,"column":53},"end":{"line":65,"column":62}},"loc":{"start":{"line":65,"column":74},"end":{"line":92,"column":9}},"line":65},"9":{"name":"getMessages","decl":{"start":{"line":94,"column":15},"end":{"line":94,"column":26}},"loc":{"start":{"line":94,"column":37},"end":{"line":96,"column":7}},"line":94},"10":{"name":"(anonymous_10)","decl":{"start":{"line":101,"column":11},"end":{"line":101,"column":12}},"loc":{"start":{"line":101,"column":23},"end":{"line":139,"column":5}},"line":101},"11":{"name":"_callee3","decl":{"start":{"line":102,"column":117},"end":{"line":102,"column":125}},"loc":{"start":{"line":102,"column":136},"end":{"line":134,"column":7}},"line":102},"12":{"name":"_callee3$","decl":{"start":{"line":104,"column":53},"end":{"line":104,"column":62}},"loc":{"start":{"line":104,"column":74},"end":{"line":133,"column":9}},"line":104},"13":{"name":"getSingleMessage","decl":{"start":{"line":135,"column":15},"end":{"line":135,"column":31}},"loc":{"start":{"line":135,"column":42},"end":{"line":137,"column":7}},"line":135},"14":{"name":"(anonymous_14)","decl":{"start":{"line":142,"column":11},"end":{"line":142,"column":12}},"loc":{"start":{"line":142,"column":23},"end":{"line":174,"column":5}},"line":142},"15":{"name":"_callee4","decl":{"start":{"line":143,"column":114},"end":{"line":143,"column":122}},"loc":{"start":{"line":143,"column":133},"end":{"line":169,"column":7}},"line":143},"16":{"name":"_callee4$","decl":{"start":{"line":144,"column":53},"end":{"line":144,"column":62}},"loc":{"start":{"line":144,"column":74},"end":{"line":168,"column":9}},"line":144},"17":{"name":"deleteMessage","decl":{"start":{"line":170,"column":15},"end":{"line":170,"column":28}},"loc":{"start":{"line":170,"column":39},"end":{"line":172,"column":7}},"line":170}},"branchMap":{"0":{"loc":{"start":{"line":23,"column":20},"end":{"line":52,"column":11}},"type":"switch","locations":[{"start":{"line":24,"column":12},"end":{"line":33,"column":37}},{"start":{"line":34,"column":12},"end":{"line":41,"column":20}},{"start":{"line":42,"column":12},"end":{"line":48,"column":17}},{"start":{"line":49,"column":12},"end":{"line":49,"column":20}},{"start":{"line":50,"column":12},"end":{"line":51,"column":37}}],"line":23},"1":{"loc":{"start":{"line":66,"column":20},"end":{"line":91,"column":11}},"type":"switch","locations":[{"start":{"line":67,"column":12},"end":{"line":70,"column":53}},{"start":{"line":71,"column":12},"end":{"line":80,"column":20}},{"start":{"line":81,"column":12},"end":{"line":87,"column":17}},{"start":{"line":88,"column":12},"end":{"line":88,"column":20}},{"start":{"line":89,"column":12},"end":{"line":90,"column":38}}],"line":66},"2":{"loc":{"start":{"line":105,"column":20},"end":{"line":132,"column":11}},"type":"switch","locations":[{"start":{"line":106,"column":12},"end":{"line":111,"column":17}},{"start":{"line":112,"column":12},"end":{"line":121,"column":20}},{"start":{"line":122,"column":12},"end":{"line":128,"column":17}},{"start":{"line":129,"column":12},"end":{"line":129,"column":20}},{"start":{"line":130,"column":12},"end":{"line":131,"column":38}}],"line":105},"3":{"loc":{"start":{"line":145,"column":20},"end":{"line":167,"column":11}},"type":"switch","locations":[{"start":{"line":146,"column":12},"end":{"line":149,"column":79}},{"start":{"line":150,"column":12},"end":{"line":156,"column":20}},{"start":{"line":157,"column":12},"end":{"line":163,"column":17}},{"start":{"line":164,"column":12},"end":{"line":164,"column":19}},{"start":{"line":165,"column":12},"end":{"line":166,"column":38}}],"line":145}},"s":{"0":1,"1":1,"2":1,"3":1,"4":1,"5":1,"6":1,"7":1,"8":1,"9":0,"10":1,"11":1,"12":1,"13":2,"14":3,"15":1,"16":1,"17":1,"18":1,"19":1,"20":1,"21":1,"22":1,"23":0,"24":0,"25":0,"26":1,"27":1,"28":1,"29":1,"30":1,"31":2,"32":3,"33":1,"34":1,"35":1,"36":1,"37":1,"38":1,"39":1,"40":0,"41":0,"42":0,"43":1,"44":1,"45":1,"46":1,"47":1,"48":2,"49":3,"50":1,"51":1,"52":1,"53":1,"54":1,"55":1,"56":1,"57":0,"58":0,"59":0,"60":1,"61":1,"62":1,"63":1,"64":1,"65":2,"66":3,"67":1,"68":1,"69":1,"70":1,"71":1,"72":1,"73":0,"74":0,"75":0,"76":1,"77":1,"78":1,"79":1,"80":1,"81":1},"f":{"0":1,"1":0,"2":1,"3":1,"4":2,"5":1,"6":1,"7":1,"8":2,"9":1,"10":1,"11":1,"12":2,"13":1,"14":1,"15":1,"16":2,"17":1},"b":{"0":[1,1,0,1,1],"1":[1,1,0,1,1],"2":[1,1,0,1,1],"3":[1,1,0,1,1]},"inputSourceMap":{"version":3,"names":["ContactController","req","res","messages","Contact","email","body","fullName","contact","message","save","status","json","console","log","find","data","findOne","id","params","findByIdAndDelete"],"sourceRoot":"C:\\Users\\HP\\OneDrive\\Desktop\\ATLP\\my-brand-Tparfaite\\server\\my-brand-Tparfaite-backend\\src\\controller\\","sources":["contactController.js"],"sourcesContent":["import Contact from \"../models/contactModel\";\r\n\r\nclass ContactController {\r\n\r\n    static async CreateMessage(req,res) {\r\n        try{\r\n            const messages= new Contact({\r\n                email:req.body.email,\r\n                fullName:req.body.fullName,\r\n                contact:req.body.contact,\r\n                message:req.body.message\r\n            });\r\n            await messages.save();\r\n            res.status(200).json({\r\n                \"status\":\"success\",\r\n                \"post\":messages\r\n            });\r\n            console.log(\"Message created\");\r\n\r\n        }\r\n        catch(error){\r\n          res.status(400).json({\r\n            \"status\":\"error\",\r\n            \"message\":error.message\r\n          });\r\n        }\r\n    }\r\n\r\n    static async getMessages(req,res) {\r\n        try{\r\n          const messages=await Contact.find();\r\n          res.status(200).json({\r\n            status:\"success\",\r\n            data:{\r\n                \"posts\":messages\r\n            }\r\n          })\r\n        }\r\n        catch(error){\r\n         res.status(401).json({\r\n            \"status\":\"error\",\r\n            \"message\":error.message\r\n         });\r\n        }\r\n    }\r\n\r\n    static async getSingleMessage(req,res){\r\n        try{\r\n          const message=await Contact.findOne({id:req.params.id});\r\n          res.status(200).json({\r\n            \"status\":\"success\",\r\n            \"data\":{\r\n                \"post\":message\r\n            }\r\n          })\r\n        }\r\n        catch(error){\r\n         res.status(400).json({\r\n            \"status\":\"error\",\r\n            \"message\":error.message\r\n         });\r\n\r\n        }\r\n    }\r\n\r\n    static async deleteMessage(req,res){\r\n        try{\r\n            await Contact.findByIdAndDelete(req.params.id);\r\n            res.status(204).json({\r\n                \"status\":\"success\",\r\n                \"message\":\"message deleted successfully\"\r\n            })\r\n\r\n        }\r\n        catch(error){\r\n         res.status(404).json({\r\n            \"status\":\"error\",\r\n            \"message\":error.message\r\n         })\r\n        }\r\n    }\r\n\r\n    \r\n}\r\n\r\nexport default ContactController;"],"mappings":";;;;;;;;;;;AAAA;AAA6C,IAEvCA,iBAAiB;EAAA;IAAA;EAAA;EAAA;IAAA;IAAA;MAAA,mGAEnB,iBAA2BC,GAAG,EAACC,GAAG;QAAA;QAAA;UAAA;YAAA;cAAA;cAEpBC,QAAQ,GAAE,IAAIC,wBAAO,CAAC;gBACxBC,KAAK,EAACJ,GAAG,CAACK,IAAI,CAACD,KAAK;gBACpBE,QAAQ,EAACN,GAAG,CAACK,IAAI,CAACC,QAAQ;gBAC1BC,OAAO,EAACP,GAAG,CAACK,IAAI,CAACE,OAAO;gBACxBC,OAAO,EAACR,GAAG,CAACK,IAAI,CAACG;cACrB,CAAC,CAAC;cAAA;cAAA,OACIN,QAAQ,CAACO,IAAI,EAAE;YAAA;cACrBR,GAAG,CAACS,MAAM,CAAC,GAAG,CAAC,CAACC,IAAI,CAAC;gBACjB,QAAQ,EAAC,SAAS;gBAClB,MAAM,EAACT;cACX,CAAC,CAAC;cACFU,OAAO,CAACC,GAAG,CAAC,iBAAiB,CAAC;cAAC;cAAA;YAAA;cAAA;cAAA;cAIjCZ,GAAG,CAACS,MAAM,CAAC,GAAG,CAAC,CAACC,IAAI,CAAC;gBACnB,QAAQ,EAAC,OAAO;gBAChB,SAAS,EAAC,YAAMH;cAClB,CAAC,CAAC;YAAC;YAAA;cAAA;UAAA;QAAA;MAAA,CAER;MAAA;QAAA;MAAA;MAAA;IAAA;EAAA;IAAA;IAAA;MAAA,iGAED,kBAAyBR,GAAG,EAACC,GAAG;QAAA;QAAA;UAAA;YAAA;cAAA;cAAA;cAAA,OAELE,wBAAO,CAACW,IAAI,EAAE;YAAA;cAA7BZ,QAAQ;cACdD,GAAG,CAACS,MAAM,CAAC,GAAG,CAAC,CAACC,IAAI,CAAC;gBACnBD,MAAM,EAAC,SAAS;gBAChBK,IAAI,EAAC;kBACD,OAAO,EAACb;gBACZ;cACF,CAAC,CAAC;cAAA;cAAA;YAAA;cAAA;cAAA;cAGHD,GAAG,CAACS,MAAM,CAAC,GAAG,CAAC,CAACC,IAAI,CAAC;gBAClB,QAAQ,EAAC,OAAO;gBAChB,SAAS,EAAC,aAAMH;cACnB,CAAC,CAAC;YAAC;YAAA;cAAA;UAAA;QAAA;MAAA,CAEP;MAAA;QAAA;MAAA;MAAA;IAAA;EAAA;IAAA;IAAA;MAAA,sGAED,kBAA8BR,GAAG,EAACC,GAAG;QAAA;QAAA;UAAA;YAAA;cAAA;cAAA;cAAA,OAEXE,wBAAO,CAACa,OAAO,CAAC;gBAACC,EAAE,EAACjB,GAAG,CAACkB,MAAM,CAACD;cAAE,CAAC,CAAC;YAAA;cAAjDT,OAAO;cACbP,GAAG,CAACS,MAAM,CAAC,GAAG,CAAC,CAACC,IAAI,CAAC;gBACnB,QAAQ,EAAC,SAAS;gBAClB,MAAM,EAAC;kBACH,MAAM,EAACH;gBACX;cACF,CAAC,CAAC;cAAA;cAAA;YAAA;cAAA;cAAA;cAGHP,GAAG,CAACS,MAAM,CAAC,GAAG,CAAC,CAACC,IAAI,CAAC;gBAClB,QAAQ,EAAC,OAAO;gBAChB,SAAS,EAAC,aAAMH;cACnB,CAAC,CAAC;YAAC;YAAA;cAAA;UAAA;QAAA;MAAA,CAGP;MAAA;QAAA;MAAA;MAAA;IAAA;EAAA;IAAA;IAAA;MAAA,mGAED,kBAA2BR,GAAG,EAACC,GAAG;QAAA;UAAA;YAAA;cAAA;cAAA;cAAA,OAEpBE,wBAAO,CAACgB,iBAAiB,CAACnB,GAAG,CAACkB,MAAM,CAACD,EAAE,CAAC;YAAA;cAC9ChB,GAAG,CAACS,MAAM,CAAC,GAAG,CAAC,CAACC,IAAI,CAAC;gBACjB,QAAQ,EAAC,SAAS;gBAClB,SAAS,EAAC;cACd,CAAC,CAAC;cAAA;cAAA;YAAA;cAAA;cAAA;cAILV,GAAG,CAACS,MAAM,CAAC,GAAG,CAAC,CAACC,IAAI,CAAC;gBAClB,QAAQ,EAAC,OAAO;gBAChB,SAAS,EAAC,aAAMH;cACnB,CAAC,CAAC;YAAA;YAAA;cAAA;UAAA;QAAA;MAAA,CAEN;MAAA;QAAA;MAAA;MAAA;IAAA;EAAA;EAAA;AAAA;AAAA,eAKUT,iBAAiB;AAAA"},"_coverageSchema":"1a1c01bbd47fc00a2c39e90264f33305004495a9","hash":"5a58e75c840a23247cbca9067af064eb67fa320b","contentHash":"0f94c53d63c46746126c5aae30305e3beab0956d9782a87f210db9281602d60c"},"C:\\Users\\HP\\OneDrive\\Desktop\\ATLP\\my-brand-Tparfaite\\server\\my-brand-Tparfaite-backend\\src\\models\\contactModel.js":{"path":"C:\\Users\\HP\\OneDrive\\Desktop\\ATLP\\my-brand-Tparfaite\\server\\my-brand-Tparfaite-backend\\src\\models\\contactModel.js","statementMap":{"0":{"start":{"line":3,"column":29},"end":{"line":3,"column":84}},"1":{"start":{"line":4,"column":0},"end":{"line":6,"column":3}},"2":{"start":{"line":7,"column":0},"end":{"line":7,"column":28}},"3":{"start":{"line":8,"column":16},"end":{"line":8,"column":59}},"4":{"start":{"line":9,"column":20},"end":{"line":28,"column":2}},"5":{"start":{"line":29,"column":14},"end":{"line":29,"column":66}},"6":{"start":{"line":30,"column":15},"end":{"line":30,"column":22}},"7":{"start":{"line":31,"column":0},"end":{"line":31,"column":30}}},"fnMap":{},"branchMap":{},"s":{"0":1,"1":1,"2":1,"3":1,"4":1,"5":1,"6":1,"7":1},"f":{},"b":{},"inputSourceMap":{"version":3,"names":["contactSchema","mongoose","Schema","email","type","String","required","fullName","contact","message","timestamps","Contact","model"],"sourceRoot":"C:\\Users\\HP\\OneDrive\\Desktop\\ATLP\\my-brand-Tparfaite\\server\\my-brand-Tparfaite-backend\\src\\models\\","sources":["contactModel.js"],"sourcesContent":["import mongoose from \"mongoose\";\r\n\r\nconst contactSchema= mongoose.Schema({\r\n    email:{\r\n        type:String,\r\n        required:true\r\n    },\r\n    fullName:{\r\n        type:String,\r\n        required:true\r\n    },\r\n    contact:{\r\n        type:String,\r\n        required:true\r\n    },\r\n    message:{\r\n        type:String,\r\n        required:true\r\n    }\r\n},{timestamps:true });\r\n\r\nconst Contact=mongoose.model(\"Contact\",contactSchema);\r\n\r\nexport default Contact;"],"mappings":";;;;;;;AAAA;AAEA,IAAMA,aAAa,GAAEC,oBAAQ,CAACC,MAAM,CAAC;EACjCC,KAAK,EAAC;IACFC,IAAI,EAACC,MAAM;IACXC,QAAQ,EAAC;EACb,CAAC;EACDC,QAAQ,EAAC;IACLH,IAAI,EAACC,MAAM;IACXC,QAAQ,EAAC;EACb,CAAC;EACDE,OAAO,EAAC;IACJJ,IAAI,EAACC,MAAM;IACXC,QAAQ,EAAC;EACb,CAAC;EACDG,OAAO,EAAC;IACJL,IAAI,EAACC,MAAM;IACXC,QAAQ,EAAC;EACb;AACJ,CAAC,EAAC;EAACI,UAAU,EAAC;AAAK,CAAC,CAAC;AAErB,IAAMC,OAAO,GAACV,oBAAQ,CAACW,KAAK,CAAC,SAAS,EAACZ,aAAa,CAAC;AAAC,eAEvCW,OAAO;AAAA"},"_coverageSchema":"1a1c01bbd47fc00a2c39e90264f33305004495a9","hash":"0064807f4a457d30b58f4bb36e783bb3a5d84980","contentHash":"4916af5a8edcc14c9b541837b998416e8d1d71c52c0040a02c6fc9f38dbbf4e1"},"C:\\Users\\HP\\OneDrive\\Desktop\\ATLP\\my-brand-Tparfaite\\server\\my-brand-Tparfaite-backend\\src\\middleWare\\validatedContact.js":{"path":"C:\\Users\\HP\\OneDrive\\Desktop\\ATLP\\my-brand-Tparfaite\\server\\my-brand-Tparfaite-backend\\src\\middleWare\\validatedContact.js","statementMap":{"0":{"start":{"line":3,"column":29},"end":{"line":3,"column":84}},"1":{"start":{"line":4,"column":0},"end":{"line":6,"column":3}},"2":{"start":{"line":7,"column":0},"end":{"line":7,"column":28}},"3":{"start":{"line":8,"column":25},"end":{"line":8,"column":91}},"4":{"start":{"line":11,"column":23},"end":{"line":25,"column":1}},"5":{"start":{"line":12,"column":30},"end":{"line":14,"column":6}},"6":{"start":{"line":15,"column":12},"end":{"line":15,"column":39}},"7":{"start":{"line":16,"column":12},"end":{"line":16,"column":39}},"8":{"start":{"line":17,"column":2},"end":{"line":22,"column":3}},"9":{"start":{"line":18,"column":4},"end":{"line":21,"column":7}},"10":{"start":{"line":23,"column":2},"end":{"line":23,"column":27}},"11":{"start":{"line":24,"column":2},"end":{"line":24,"column":9}},"12":{"start":{"line":26,"column":15},"end":{"line":26,"column":31}},"13":{"start":{"line":27,"column":0},"end":{"line":27,"column":30}}},"fnMap":{"0":{"name":"validatedContact","decl":{"start":{"line":11,"column":32},"end":{"line":11,"column":48}},"loc":{"start":{"line":11,"column":65},"end":{"line":25,"column":1}},"line":11}},"branchMap":{"0":{"loc":{"start":{"line":17,"column":2},"end":{"line":22,"column":3}},"type":"if","locations":[{"start":{"line":17,"column":2},"end":{"line":22,"column":3}},{"start":{"line":17,"column":2},"end":{"line":22,"column":3}}],"line":17}},"s":{"0":1,"1":1,"2":1,"3":1,"4":1,"5":1,"6":1,"7":1,"8":1,"9":0,"10":1,"11":1,"12":1,"13":1},"f":{"0":1},"b":{"0":[0,1]},"inputSourceMap":{"version":3,"names":["validatedContact","req","res","next","contactValidationSchema","validate","body","abortEarly","error","value","status","json","message","validContact"],"sourceRoot":"C:\\Users\\HP\\OneDrive\\Desktop\\ATLP\\my-brand-Tparfaite\\server\\my-brand-Tparfaite-backend\\src\\middleWare\\","sources":["validatedContact.js"],"sourcesContent":["// import contactValidationSchema from \"../validation/contactValidation\";\r\n\r\nimport contactValidationSchema from \"../validation/contactValidation\";\r\n\r\nconst validatedContact=(req,res,next)=>{\r\n    const {error,value}= contactValidationSchema.validate(req.body, {abortEarly:false});\r\n    if(error){\r\n        res.status(400).json({\r\n            \"status\":\"error\",\r\n            \"message\":error.message\r\n        })\r\n    }\r\n    res.validContact=value;\r\n    next();\r\n};\r\n\r\nexport default validatedContact;"],"mappings":";;;;;;;AAEA;AAFA;;AAIA,IAAMA,gBAAgB,GAAC,SAAjBA,gBAAgB,CAAEC,GAAG,EAACC,GAAG,EAACC,IAAI,EAAG;EACnC,4BAAqBC,6BAAuB,CAACC,QAAQ,CAACJ,GAAG,CAACK,IAAI,EAAE;MAACC,UAAU,EAAC;IAAK,CAAC,CAAC;IAA5EC,KAAK,yBAALA,KAAK;IAACC,KAAK,yBAALA,KAAK;EAClB,IAAGD,KAAK,EAAC;IACLN,GAAG,CAACQ,MAAM,CAAC,GAAG,CAAC,CAACC,IAAI,CAAC;MACjB,QAAQ,EAAC,OAAO;MAChB,SAAS,EAACH,KAAK,CAACI;IACpB,CAAC,CAAC;EACN;EACAV,GAAG,CAACW,YAAY,GAACJ,KAAK;EACtBN,IAAI,EAAE;AACV,CAAC;AAAC,eAEaH,gBAAgB;AAAA"},"_coverageSchema":"1a1c01bbd47fc00a2c39e90264f33305004495a9","hash":"7ed4c198bea584cc18c94aa6e26f01faaed3aba2","contentHash":"32b2de9f4688be056e2ad1020954fb8efa0ec22e91eaf163da4afa9c2ba0f7a8"},"C:\\Users\\HP\\OneDrive\\Desktop\\ATLP\\my-brand-Tparfaite\\server\\my-brand-Tparfaite-backend\\src\\validation\\contactValidation.js":{"path":"C:\\Users\\HP\\OneDrive\\Desktop\\ATLP\\my-brand-Tparfaite\\server\\my-brand-Tparfaite-backend\\src\\validation\\contactValidation.js","statementMap":{"0":{"start":{"line":3,"column":29},"end":{"line":3,"column":84}},"1":{"start":{"line":4,"column":0},"end":{"line":6,"column":3}},"2":{"start":{"line":7,"column":0},"end":{"line":7,"column":28}},"3":{"start":{"line":8,"column":11},"end":{"line":8,"column":49}},"4":{"start":{"line":9,"column":30},"end":{"line":16,"column":2}},"5":{"start":{"line":17,"column":15},"end":{"line":17,"column":38}},"6":{"start":{"line":18,"column":0},"end":{"line":18,"column":30}}},"fnMap":{},"branchMap":{},"s":{"0":1,"1":1,"2":1,"3":1,"4":1,"5":1,"6":1},"f":{},"b":{},"inputSourceMap":{"version":3,"names":["contactValidationSchema","Joi","object","email","string","minDomainSegments","required","fullName","contact","number","min","message"],"sourceRoot":"C:\\Users\\HP\\OneDrive\\Desktop\\ATLP\\my-brand-Tparfaite\\server\\my-brand-Tparfaite-backend\\src\\validation\\","sources":["contactValidation.js"],"sourcesContent":["import Joi from \"joi\";\r\n\r\n\r\nconst contactValidationSchema=Joi.object({\r\n    email:Joi.string().email({minDomainSegments:2}).required(),\r\n    fullName:Joi.string().required(),\r\n    contact:Joi.number().min(10).required(),\r\n    message:Joi.string().min(5).required()\r\n});\r\n\r\nexport default contactValidationSchema;"],"mappings":";;;;;;;AAAA;AAGA,IAAMA,uBAAuB,GAACC,eAAG,CAACC,MAAM,CAAC;EACrCC,KAAK,EAACF,eAAG,CAACG,MAAM,EAAE,CAACD,KAAK,CAAC;IAACE,iBAAiB,EAAC;EAAC,CAAC,CAAC,CAACC,QAAQ,EAAE;EAC1DC,QAAQ,EAACN,eAAG,CAACG,MAAM,EAAE,CAACE,QAAQ,EAAE;EAChCE,OAAO,EAACP,eAAG,CAACQ,MAAM,EAAE,CAACC,GAAG,CAAC,EAAE,CAAC,CAACJ,QAAQ,EAAE;EACvCK,OAAO,EAACV,eAAG,CAACG,MAAM,EAAE,CAACM,GAAG,CAAC,CAAC,CAAC,CAACJ,QAAQ;AACxC,CAAC,CAAC;AAAC,eAEYN,uBAAuB;AAAA"},"_coverageSchema":"1a1c01bbd47fc00a2c39e90264f33305004495a9","hash":"b9315cf1e11efda271702648f9415f27483d129e","contentHash":"cdfd2cc706e6dd66a789c90bca5381afcb8c616410a2c7bca83b4bfb67c48c22"},"C:\\Users\\HP\\OneDrive\\Desktop\\ATLP\\my-brand-Tparfaite\\server\\my-brand-Tparfaite-backend\\src\\middleWare\\authenticate.js":{"path":"C:\\Users\\HP\\OneDrive\\Desktop\\ATLP\\my-brand-Tparfaite\\server\\my-brand-Tparfaite-backend\\src\\middleWare\\authenticate.js","statementMap":{"0":{"start":{"line":3,"column":29},"end":{"line":3,"column":84}},"1":{"start":{"line":4,"column":0},"end":{"line":6,"column":3}},"2":{"start":{"line":7,"column":0},"end":{"line":7,"column":28}},"3":{"start":{"line":8,"column":20},"end":{"line":8,"column":67}},"4":{"start":{"line":9,"column":18},"end":{"line":26,"column":1}},"5":{"start":{"line":10,"column":2},"end":{"line":25,"column":3}},"6":{"start":{"line":11,"column":21},"end":{"line":11,"column":38}},"7":{"start":{"line":12,"column":4},"end":{"line":16,"column":5}},"8":{"start":{"line":13,"column":6},"end":{"line":15,"column":9}},"9":{"start":{"line":17,"column":16},"end":{"line":17,"column":40}},"10":{"start":{"line":18,"column":18},"end":{"line":18,"column":80}},"11":{"start":{"line":19,"column":4},"end":{"line":19,"column":23}},"12":{"start":{"line":20,"column":4},"end":{"line":20,"column":11}},"13":{"start":{"line":22,"column":4},"end":{"line":24,"column":7}},"14":{"start":{"line":27,"column":15},"end":{"line":27,"column":26}},"15":{"start":{"line":28,"column":0},"end":{"line":28,"column":30}}},"fnMap":{"0":{"name":"verifyToken","decl":{"start":{"line":9,"column":27},"end":{"line":9,"column":38}},"loc":{"start":{"line":9,"column":55},"end":{"line":26,"column":1}},"line":9}},"branchMap":{"0":{"loc":{"start":{"line":12,"column":4},"end":{"line":16,"column":5}},"type":"if","locations":[{"start":{"line":12,"column":4},"end":{"line":16,"column":5}},{"start":{"line":12,"column":4},"end":{"line":16,"column":5}}],"line":12}},"s":{"0":1,"1":1,"2":1,"3":1,"4":1,"5":6,"6":6,"7":6,"8":0,"9":6,"10":6,"11":6,"12":6,"13":0,"14":1,"15":1},"f":{"0":6},"b":{"0":[0,6]},"inputSourceMap":{"version":3,"names":["verifyToken","req","res","next","authHeader","headers","token","status","json","message","split","decodes","jwt","verify","process","env","JWT_SECRET","user","error"],"sourceRoot":"C:\\Users\\HP\\OneDrive\\Desktop\\ATLP\\my-brand-Tparfaite\\server\\my-brand-Tparfaite-backend\\src\\middleWare\\","sources":["authenticate.js"],"sourcesContent":["import jwt from \"jsonwebtoken\";\r\n\r\nconst verifyToken=(req,res,next)=>{\r\n  try{\r\n    const authHeader=req.headers.token;\r\n    if(!authHeader){\r\n        return res.status(404).json({message:\"unauthorized\"});\r\n    }\r\n    const token=authHeader.split(' ')[1];\r\n    const decodes=jwt.verify(token, process.env.JWT_SECRET);\r\n    req.user=decodes;\r\n    next();\r\n  }\r\n  catch(error){\r\n  res.status(401).json({\r\n    message:\"unauthorised\"\r\n  });\r\n  }\r\n}\r\n\r\nexport default verifyToken;\r\n"],"mappings":";;;;;;;AAAA;AAEA,IAAMA,WAAW,GAAC,SAAZA,WAAW,CAAEC,GAAG,EAACC,GAAG,EAACC,IAAI,EAAG;EAChC,IAAG;IACD,IAAMC,UAAU,GAACH,GAAG,CAACI,OAAO,CAACC,KAAK;IAClC,IAAG,CAACF,UAAU,EAAC;MACX,OAAOF,GAAG,CAACK,MAAM,CAAC,GAAG,CAAC,CAACC,IAAI,CAAC;QAACC,OAAO,EAAC;MAAc,CAAC,CAAC;IACzD;IACA,IAAMH,KAAK,GAACF,UAAU,CAACM,KAAK,CAAC,GAAG,CAAC,CAAC,CAAC,CAAC;IACpC,IAAMC,OAAO,GAACC,wBAAG,CAACC,MAAM,CAACP,KAAK,EAAEQ,OAAO,CAACC,GAAG,CAACC,UAAU,CAAC;IACvDf,GAAG,CAACgB,IAAI,GAACN,OAAO;IAChBR,IAAI,EAAE;EACR,CAAC,CACD,OAAMe,KAAK,EAAC;IACZhB,GAAG,CAACK,MAAM,CAAC,GAAG,CAAC,CAACC,IAAI,CAAC;MACnBC,OAAO,EAAC;IACV,CAAC,CAAC;EACF;AACF,CAAC;AAAA,eAEcT,WAAW;AAAA"},"_coverageSchema":"1a1c01bbd47fc00a2c39e90264f33305004495a9","hash":"b070cb80240e26ed0790aae9f89e9dbc8ff7dce4","contentHash":"28c82bf3023dc43df37f0e0c82fa8b872b6890aecfdf485f36ec87e005879ba8"},"C:\\Users\\HP\\OneDrive\\Desktop\\ATLP\\my-brand-Tparfaite\\server\\my-brand-Tparfaite-backend\\src\\routes\\userRoute.js":{"path":"C:\\Users\\HP\\OneDrive\\Desktop\\ATLP\\my-brand-Tparfaite\\server\\my-brand-Tparfaite-backend\\src\\routes\\userRoute.js","statementMap":{"0":{"start":{"line":3,"column":29},"end":{"line":3,"column":84}},"1":{"start":{"line":4,"column":0},"end":{"line":6,"column":3}},"2":{"start":{"line":7,"column":0},"end":{"line":7,"column":28}},"3":{"start":{"line":8,"column":15},"end":{"line":8,"column":57}},"4":{"start":{"line":9,"column":22},"end":{"line":9,"column":85}},"5":{"start":{"line":10,"column":20},"end":{"line":10,"column":81}},"6":{"start":{"line":11,"column":21},"end":{"line":11,"column":83}},"7":{"start":{"line":12,"column":15},"end":{"line":12,"column":47}},"8":{"start":{"line":13,"column":16},"end":{"line":13,"column":44}},"9":{"start":{"line":14,"column":0},"end":{"line":14,"column":96}},"10":{"start":{"line":15,"column":0},"end":{"line":15,"column":93}},"11":{"start":{"line":16,"column":0},"end":{"line":16,"column":101}},"12":{"start":{"line":17,"column":0},"end":{"line":17,"column":104}},"13":{"start":{"line":18,"column":0},"end":{"line":18,"column":59}},"14":{"start":{"line":19,"column":15},"end":{"line":19,"column":24}},"15":{"start":{"line":20,"column":0},"end":{"line":20,"column":30}}},"fnMap":{},"branchMap":{},"s":{"0":1,"1":1,"2":1,"3":1,"4":1,"5":1,"6":1,"7":1,"8":1,"9":1,"10":1,"11":1,"12":1,"13":1,"14":1,"15":1},"f":{},"b":{},"inputSourceMap":{"version":3,"names":["UserRoute","express","Router","post","validatedUser","UserController","createUser","get","verifyToken","getUsers","getSingleUser","deleteUser","login"],"sourceRoot":"C:\\Users\\HP\\OneDrive\\Desktop\\ATLP\\my-brand-Tparfaite\\server\\my-brand-Tparfaite-backend\\src\\routes\\","sources":["userRoute.js"],"sourcesContent":["import express from \"express\";\r\nimport UserController from \"../controller/userController\";\r\nimport verifyToken from \"../middleWare/authenticate\";\r\nimport validatedUser from \"../middleware/validatedUser\";\r\nimport { findUser,isAdmin } from \"../middleware/isAdmin\";\r\n\r\nconst UserRoute=express.Router();\r\n\r\nUserRoute.post(\"/createUser\",validatedUser,UserController.createUser);\r\nUserRoute.get(\"/getAllUsers\",verifyToken,UserController.getUsers);\r\nUserRoute.get(\"/getOneUser/:id\",verifyToken, UserController.getSingleUser);\r\nUserRoute.delete(\"/deleteUser/:id\",verifyToken,UserController.deleteUser);\r\nUserRoute.post(\"/login\",UserController.login);\r\n\r\nexport default UserRoute;"],"mappings":";;;;;;;AAAA;AACA;AACA;AACA;AACA;AAEA,IAAMA,SAAS,GAACC,mBAAO,CAACC,MAAM,EAAE;AAEhCF,SAAS,CAACG,IAAI,CAAC,aAAa,EAACC,yBAAa,EAACC,0BAAc,CAACC,UAAU,CAAC;AACrEN,SAAS,CAACO,GAAG,CAAC,cAAc,EAACC,wBAAW,EAACH,0BAAc,CAACI,QAAQ,CAAC;AACjET,SAAS,CAACO,GAAG,CAAC,iBAAiB,EAACC,wBAAW,EAAEH,0BAAc,CAACK,aAAa,CAAC;AAC1EV,SAAS,UAAO,CAAC,iBAAiB,EAACQ,wBAAW,EAACH,0BAAc,CAACM,UAAU,CAAC;AACzEX,SAAS,CAACG,IAAI,CAAC,QAAQ,EAACE,0BAAc,CAACO,KAAK,CAAC;AAAC,eAE/BZ,SAAS;AAAA"},"_coverageSchema":"1a1c01bbd47fc00a2c39e90264f33305004495a9","hash":"af9938caa82b08e2b5d7ff9fa819b6db80a81d2f","contentHash":"c49e4fc080b5ec682816d0c59fbd7c278de18a8925df5f2384426d8e47c5b47c"},"C:\\Users\\HP\\OneDrive\\Desktop\\ATLP\\my-brand-Tparfaite\\server\\my-brand-Tparfaite-backend\\src\\controller\\userController.js":{"path":"C:\\Users\\HP\\OneDrive\\Desktop\\ATLP\\my-brand-Tparfaite\\server\\my-brand-Tparfaite-backend\\src\\controller\\userController.js","statementMap":{"0":{"start":{"line":3,"column":29},"end":{"line":3,"column":84}},"1":{"start":{"line":4,"column":0},"end":{"line":6,"column":3}},"2":{"start":{"line":7,"column":0},"end":{"line":7,"column":28}},"3":{"start":{"line":8,"column":19},"end":{"line":8,"column":80}},"4":{"start":{"line":9,"column":25},"end":{"line":9,"column":99}},"5":{"start":{"line":10,"column":23},"end":{"line":10,"column":95}},"6":{"start":{"line":11,"column":20},"end":{"line":11,"column":89}},"7":{"start":{"line":12,"column":17},"end":{"line":12,"column":71}},"8":{"start":{"line":13,"column":14},"end":{"line":13,"column":55}},"9":{"start":{"line":14,"column":20},"end":{"line":14,"column":67}},"10":{"start":{"line":15,"column":14},"end":{"line":15,"column":55}},"11":{"start":{"line":16,"column":0},"end":{"line":16,"column":28}},"12":{"start":{"line":17,"column":34},"end":{"line":251,"column":3}},"13":{"start":{"line":19,"column":4},"end":{"line":19,"column":59}},"14":{"start":{"line":21,"column":2},"end":{"line":249,"column":6}},"15":{"start":{"line":24,"column":24},"end":{"line":67,"column":9}},"16":{"start":{"line":26,"column":8},"end":{"line":66,"column":37}},"17":{"start":{"line":27,"column":10},"end":{"line":65,"column":11}},"18":{"start":{"line":27,"column":20},"end":{"line":65,"column":11}},"19":{"start":{"line":29,"column":14},"end":{"line":29,"column":32}},"20":{"start":{"line":30,"column":14},"end":{"line":30,"column":52}},"21":{"start":{"line":32,"column":14},"end":{"line":32,"column":35}},"22":{"start":{"line":33,"column":14},"end":{"line":33,"column":32}},"23":{"start":{"line":34,"column":14},"end":{"line":34,"column":70}},"24":{"start":{"line":36,"column":14},"end":{"line":36,"column":45}},"25":{"start":{"line":37,"column":14},"end":{"line":37,"column":32}},"26":{"start":{"line":38,"column":14},"end":{"line":43,"column":17}},"27":{"start":{"line":44,"column":14},"end":{"line":44,"column":33}},"28":{"start":{"line":45,"column":14},"end":{"line":45,"column":33}},"29":{"start":{"line":47,"column":14},"end":{"line":50,"column":17}},"30":{"start":{"line":51,"column":14},"end":{"line":51,"column":55}},"31":{"start":{"line":52,"column":14},"end":{"line":52,"column":33}},"32":{"start":{"line":53,"column":14},"end":{"line":53,"column":20}},"33":{"start":{"line":55,"column":14},"end":{"line":55,"column":33}},"34":{"start":{"line":56,"column":14},"end":{"line":56,"column":49}},"35":{"start":{"line":57,"column":14},"end":{"line":57,"column":48}},"36":{"start":{"line":58,"column":14},"end":{"line":61,"column":17}},"37":{"start":{"line":64,"column":14},"end":{"line":64,"column":37}},"38":{"start":{"line":69,"column":8},"end":{"line":69,"column":50}},"39":{"start":{"line":71,"column":6},"end":{"line":71,"column":24}},"40":{"start":{"line":76,"column":22},"end":{"line":106,"column":9}},"41":{"start":{"line":78,"column":8},"end":{"line":105,"column":37}},"42":{"start":{"line":79,"column":10},"end":{"line":104,"column":11}},"43":{"start":{"line":79,"column":20},"end":{"line":104,"column":11}},"44":{"start":{"line":81,"column":14},"end":{"line":81,"column":33}},"45":{"start":{"line":82,"column":14},"end":{"line":82,"column":33}},"46":{"start":{"line":83,"column":14},"end":{"line":83,"column":50}},"47":{"start":{"line":85,"column":14},"end":{"line":85,"column":37}},"48":{"start":{"line":86,"column":14},"end":{"line":91,"column":17}},"49":{"start":{"line":92,"column":14},"end":{"line":92,"column":34}},"50":{"start":{"line":93,"column":14},"end":{"line":93,"column":20}},"51":{"start":{"line":95,"column":14},"end":{"line":95,"column":33}},"52":{"start":{"line":96,"column":14},"end":{"line":96,"column":51}},"53":{"start":{"line":97,"column":14},"end":{"line":100,"column":17}},"54":{"start":{"line":103,"column":14},"end":{"line":103,"column":38}},"55":{"start":{"line":108,"column":8},"end":{"line":108,"column":48}},"56":{"start":{"line":110,"column":6},"end":{"line":110,"column":22}},"57":{"start":{"line":115,"column":27},"end":{"line":147,"column":9}},"58":{"start":{"line":117,"column":8},"end":{"line":146,"column":37}},"59":{"start":{"line":118,"column":10},"end":{"line":145,"column":11}},"60":{"start":{"line":118,"column":20},"end":{"line":145,"column":11}},"61":{"start":{"line":120,"column":14},"end":{"line":120,"column":33}},"62":{"start":{"line":121,"column":14},"end":{"line":121,"column":33}},"63":{"start":{"line":122,"column":14},"end":{"line":124,"column":17}},"64":{"start":{"line":126,"column":14},"end":{"line":126,"column":36}},"65":{"start":{"line":127,"column":14},"end":{"line":132,"column":17}},"66":{"start":{"line":133,"column":14},"end":{"line":133,"column":34}},"67":{"start":{"line":134,"column":14},"end":{"line":134,"column":20}},"68":{"start":{"line":136,"column":14},"end":{"line":136,"column":33}},"69":{"start":{"line":137,"column":14},"end":{"line":137,"column":51}},"70":{"start":{"line":138,"column":14},"end":{"line":141,"column":17}},"71":{"start":{"line":144,"column":14},"end":{"line":144,"column":38}},"72":{"start":{"line":149,"column":8},"end":{"line":149,"column":53}},"73":{"start":{"line":151,"column":6},"end":{"line":151,"column":27}},"74":{"start":{"line":156,"column":24},"end":{"line":182,"column":9}},"75":{"start":{"line":157,"column":8},"end":{"line":181,"column":37}},"76":{"start":{"line":158,"column":10},"end":{"line":180,"column":11}},"77":{"start":{"line":158,"column":20},"end":{"line":180,"column":11}},"78":{"start":{"line":160,"column":14},"end":{"line":160,"column":33}},"79":{"start":{"line":161,"column":14},"end":{"line":161,"column":33}},"80":{"start":{"line":162,"column":14},"end":{"line":162,"column":76}},"81":{"start":{"line":164,"column":14},"end":{"line":167,"column":17}},"82":{"start":{"line":168,"column":14},"end":{"line":168,"column":33}},"83":{"start":{"line":169,"column":14},"end":{"line":169,"column":20}},"84":{"start":{"line":171,"column":14},"end":{"line":171,"column":33}},"85":{"start":{"line":172,"column":14},"end":{"line":172,"column":51}},"86":{"start":{"line":173,"column":14},"end":{"line":176,"column":17}},"87":{"start":{"line":179,"column":14},"end":{"line":179,"column":38}},"88":{"start":{"line":184,"column":8},"end":{"line":184,"column":50}},"89":{"start":{"line":186,"column":6},"end":{"line":186,"column":24}},"90":{"start":{"line":191,"column":19},"end":{"line":243,"column":9}},"91":{"start":{"line":193,"column":8},"end":{"line":242,"column":38}},"92":{"start":{"line":194,"column":10},"end":{"line":241,"column":11}},"93":{"start":{"line":194,"column":20},"end":{"line":241,"column":11}},"94":{"start":{"line":196,"column":14},"end":{"line":196,"column":33}},"95":{"start":{"line":197,"column":14},"end":{"line":197,"column":33}},"96":{"start":{"line":198,"column":14},"end":{"line":200,"column":17}},"97":{"start":{"line":202,"column":14},"end":{"line":202,"column":36}},"98":{"start":{"line":203,"column":14},"end":{"line":208,"column":15}},"99":{"start":{"line":204,"column":16},"end":{"line":207,"column":19}},"100":{"start":{"line":209,"column":14},"end":{"line":209,"column":33}},"101":{"start":{"line":210,"column":14},"end":{"line":210,"column":82}},"102":{"start":{"line":212,"column":14},"end":{"line":212,"column":39}},"103":{"start":{"line":213,"column":14},"end":{"line":218,"column":15}},"104":{"start":{"line":214,"column":16},"end":{"line":217,"column":19}},"105":{"start":{"line":219,"column":14},"end":{"line":223,"column":17}},"106":{"start":{"line":224,"column":14},"end":{"line":228,"column":17}},"107":{"start":{"line":229,"column":14},"end":{"line":229,"column":34}},"108":{"start":{"line":230,"column":14},"end":{"line":230,"column":20}},"109":{"start":{"line":232,"column":14},"end":{"line":232,"column":34}},"110":{"start":{"line":233,"column":14},"end":{"line":233,"column":51}},"111":{"start":{"line":234,"column":14},"end":{"line":237,"column":17}},"112":{"start":{"line":240,"column":14},"end":{"line":240,"column":38}},"113":{"start":{"line":245,"column":8},"end":{"line":245,"column":45}},"114":{"start":{"line":247,"column":6},"end":{"line":247,"column":19}},"115":{"start":{"line":250,"column":2},"end":{"line":250,"column":24}},"116":{"start":{"line":252,"column":15},"end":{"line":252,"column":29}},"117":{"start":{"line":253,"column":0},"end":{"line":253,"column":30}}},"fnMap":{"0":{"name":"(anonymous_0)","decl":{"start":{"line":17,"column":34},"end":{"line":17,"column":35}},"loc":{"start":{"line":17,"column":46},"end":{"line":251,"column":1}},"line":17},"1":{"name":"UserController","decl":{"start":{"line":18,"column":11},"end":{"line":18,"column":25}},"loc":{"start":{"line":18,"column":28},"end":{"line":20,"column":3}},"line":18},"2":{"name":"(anonymous_2)","decl":{"start":{"line":23,"column":11},"end":{"line":23,"column":12}},"loc":{"start":{"line":23,"column":23},"end":{"line":72,"column":5}},"line":23},"3":{"name":"_callee","decl":{"start":{"line":24,"column":111},"end":{"line":24,"column":118}},"loc":{"start":{"line":24,"column":129},"end":{"line":67,"column":7}},"line":24},"4":{"name":"_callee$","decl":{"start":{"line":26,"column":53},"end":{"line":26,"column":61}},"loc":{"start":{"line":26,"column":72},"end":{"line":66,"column":9}},"line":26},"5":{"name":"createUser","decl":{"start":{"line":68,"column":15},"end":{"line":68,"column":25}},"loc":{"start":{"line":68,"column":35},"end":{"line":70,"column":7}},"line":68},"6":{"name":"(anonymous_6)","decl":{"start":{"line":75,"column":11},"end":{"line":75,"column":12}},"loc":{"start":{"line":75,"column":23},"end":{"line":111,"column":5}},"line":75},"7":{"name":"_callee2","decl":{"start":{"line":76,"column":109},"end":{"line":76,"column":117}},"loc":{"start":{"line":76,"column":128},"end":{"line":106,"column":7}},"line":76},"8":{"name":"_callee2$","decl":{"start":{"line":78,"column":53},"end":{"line":78,"column":62}},"loc":{"start":{"line":78,"column":74},"end":{"line":105,"column":9}},"line":78},"9":{"name":"getUsers","decl":{"start":{"line":107,"column":15},"end":{"line":107,"column":23}},"loc":{"start":{"line":107,"column":34},"end":{"line":109,"column":7}},"line":107},"10":{"name":"(anonymous_10)","decl":{"start":{"line":114,"column":11},"end":{"line":114,"column":12}},"loc":{"start":{"line":114,"column":23},"end":{"line":152,"column":5}},"line":114},"11":{"name":"_callee3","decl":{"start":{"line":115,"column":114},"end":{"line":115,"column":122}},"loc":{"start":{"line":115,"column":133},"end":{"line":147,"column":7}},"line":115},"12":{"name":"_callee3$","decl":{"start":{"line":117,"column":53},"end":{"line":117,"column":62}},"loc":{"start":{"line":117,"column":74},"end":{"line":146,"column":9}},"line":117},"13":{"name":"getSingleUser","decl":{"start":{"line":148,"column":15},"end":{"line":148,"column":28}},"loc":{"start":{"line":148,"column":39},"end":{"line":150,"column":7}},"line":148},"14":{"name":"(anonymous_14)","decl":{"start":{"line":155,"column":11},"end":{"line":155,"column":12}},"loc":{"start":{"line":155,"column":23},"end":{"line":187,"column":5}},"line":155},"15":{"name":"_callee4","decl":{"start":{"line":156,"column":111},"end":{"line":156,"column":119}},"loc":{"start":{"line":156,"column":130},"end":{"line":182,"column":7}},"line":156},"16":{"name":"_callee4$","decl":{"start":{"line":157,"column":53},"end":{"line":157,"column":62}},"loc":{"start":{"line":157,"column":74},"end":{"line":181,"column":9}},"line":157},"17":{"name":"deleteUser","decl":{"start":{"line":183,"column":15},"end":{"line":183,"column":25}},"loc":{"start":{"line":183,"column":36},"end":{"line":185,"column":7}},"line":183},"18":{"name":"(anonymous_18)","decl":{"start":{"line":190,"column":11},"end":{"line":190,"column":12}},"loc":{"start":{"line":190,"column":23},"end":{"line":248,"column":5}},"line":190},"19":{"name":"_callee5","decl":{"start":{"line":191,"column":106},"end":{"line":191,"column":114}},"loc":{"start":{"line":191,"column":125},"end":{"line":243,"column":7}},"line":191},"20":{"name":"_callee5$","decl":{"start":{"line":193,"column":53},"end":{"line":193,"column":62}},"loc":{"start":{"line":193,"column":74},"end":{"line":242,"column":9}},"line":193},"21":{"name":"login","decl":{"start":{"line":244,"column":15},"end":{"line":244,"column":20}},"loc":{"start":{"line":244,"column":32},"end":{"line":246,"column":7}},"line":244}},"branchMap":{"0":{"loc":{"start":{"line":27,"column":20},"end":{"line":65,"column":11}},"type":"switch","locations":[{"start":{"line":28,"column":12},"end":{"line":30,"column":52}},{"start":{"line":31,"column":12},"end":{"line":34,"column":70}},{"start":{"line":35,"column":12},"end":{"line":45,"column":33}},{"start":{"line":46,"column":12},"end":{"line":53,"column":20}},{"start":{"line":54,"column":12},"end":{"line":61,"column":17}},{"start":{"line":62,"column":12},"end":{"line":62,"column":20}},{"start":{"line":63,"column":12},"end":{"line":64,"column":37}}],"line":27},"1":{"loc":{"start":{"line":79,"column":20},"end":{"line":104,"column":11}},"type":"switch","locations":[{"start":{"line":80,"column":12},"end":{"line":83,"column":50}},{"start":{"line":84,"column":12},"end":{"line":93,"column":20}},{"start":{"line":94,"column":12},"end":{"line":100,"column":17}},{"start":{"line":101,"column":12},"end":{"line":101,"column":20}},{"start":{"line":102,"column":12},"end":{"line":103,"column":38}}],"line":79},"2":{"loc":{"start":{"line":118,"column":20},"end":{"line":145,"column":11}},"type":"switch","locations":[{"start":{"line":119,"column":12},"end":{"line":124,"column":17}},{"start":{"line":125,"column":12},"end":{"line":134,"column":20}},{"start":{"line":135,"column":12},"end":{"line":141,"column":17}},{"start":{"line":142,"column":12},"end":{"line":142,"column":20}},{"start":{"line":143,"column":12},"end":{"line":144,"column":38}}],"line":118},"3":{"loc":{"start":{"line":158,"column":20},"end":{"line":180,"column":11}},"type":"switch","locations":[{"start":{"line":159,"column":12},"end":{"line":162,"column":76}},{"start":{"line":163,"column":12},"end":{"line":169,"column":20}},{"start":{"line":170,"column":12},"end":{"line":176,"column":17}},{"start":{"line":177,"column":12},"end":{"line":177,"column":19}},{"start":{"line":178,"column":12},"end":{"line":179,"column":38}}],"line":158},"4":{"loc":{"start":{"line":194,"column":20},"end":{"line":241,"column":11}},"type":"switch","locations":[{"start":{"line":195,"column":12},"end":{"line":200,"column":17}},{"start":{"line":201,"column":12},"end":{"line":210,"column":82}},{"start":{"line":211,"column":12},"end":{"line":230,"column":20}},{"start":{"line":231,"column":12},"end":{"line":237,"column":17}},{"start":{"line":238,"column":12},"end":{"line":238,"column":20}},{"start":{"line":239,"column":12},"end":{"line":240,"column":38}}],"line":194},"5":{"loc":{"start":{"line":203,"column":14},"end":{"line":208,"column":15}},"type":"if","locations":[{"start":{"line":203,"column":14},"end":{"line":208,"column":15}},{"start":{"line":203,"column":14},"end":{"line":208,"column":15}}],"line":203},"6":{"loc":{"start":{"line":213,"column":14},"end":{"line":218,"column":15}},"type":"if","locations":[{"start":{"line":213,"column":14},"end":{"line":218,"column":15}},{"start":{"line":213,"column":14},"end":{"line":218,"column":15}}],"line":213}},"s":{"0":1,"1":1,"2":1,"3":1,"4":1,"5":1,"6":1,"7":1,"8":1,"9":1,"10":1,"11":1,"12":1,"13":0,"14":1,"15":1,"16":1,"17":4,"18":5,"19":1,"20":1,"21":1,"22":1,"23":1,"24":1,"25":1,"26":1,"27":1,"28":1,"29":1,"30":1,"31":1,"32":1,"33":0,"34":0,"35":0,"36":0,"37":1,"38":1,"39":1,"40":1,"41":1,"42":2,"43":3,"44":1,"45":1,"46":1,"47":1,"48":1,"49":1,"50":1,"51":0,"52":0,"53":0,"54":1,"55":1,"56":1,"57":1,"58":1,"59":2,"60":3,"61":1,"62":1,"63":1,"64":1,"65":1,"66":1,"67":1,"68":0,"69":0,"70":0,"71":1,"72":1,"73":1,"74":1,"75":1,"76":2,"77":3,"78":1,"79":1,"80":1,"81":1,"82":1,"83":1,"84":0,"85":0,"86":0,"87":1,"88":1,"89":1,"90":1,"91":11,"92":33,"93":44,"94":11,"95":11,"96":11,"97":11,"98":11,"99":0,"100":11,"101":11,"102":11,"103":11,"104":0,"105":11,"106":11,"107":11,"108":11,"109":0,"110":0,"111":0,"112":11,"113":11,"114":1,"115":1,"116":1,"117":1},"f":{"0":1,"1":0,"2":1,"3":1,"4":4,"5":1,"6":1,"7":1,"8":2,"9":1,"10":1,"11":1,"12":2,"13":1,"14":1,"15":1,"16":2,"17":1,"18":1,"19":11,"20":33,"21":11},"b":{"0":[1,1,1,1,0,1,1],"1":[1,1,0,1,1],"2":[1,1,0,1,1],"3":[1,1,0,1,1],"4":[11,11,11,0,11,11],"5":[0,11],"6":[0,11]},"inputSourceMap":{"version":3,"names":["dotenv","config","UserController","req","res","bcrypt","genSalt","salt","hash","body","password","hashedPassword","user","User","firstName","lastName","email","save","status","json","console","log","message","find","users","findOne","id","params","findByIdAndDelete","compare","isMatch","token","jwt","sign","_id","process","env","JWT_SECRET","expiresIn","data"],"sourceRoot":"C:\\Users\\HP\\OneDrive\\Desktop\\ATLP\\my-brand-Tparfaite\\server\\my-brand-Tparfaite-backend\\src\\controller\\","sources":["userController.js"],"sourcesContent":["import User from \"../models/UserModel\";\r\nimport bcrypt from \"bcrypt\";\r\nimport jwt from \"jsonwebtoken\";\r\nimport dotenv from \"dotenv\";\r\n\r\ndotenv.config();\r\n\r\n\r\n\r\nclass UserController {\r\n\r\n    static async createUser(req,res){\r\n        const salt=await bcrypt.genSalt(10);\r\n        const hashedPassword=await bcrypt.hash(req.body.password,salt)\r\n        try{\r\n\r\n         const user= new User({\r\n            firstName:req.body.firstName,\r\n            lastName:req.body.lastName,\r\n            email:req.body.email,\r\n            password:hashedPassword\r\n         })\r\n         await user.save();\r\n\r\n         res.status(201).json({\r\n            \"status\":\"successful created\",\r\n            \"post\":user\r\n         });\r\n         console.log(\"user created successfully\");\r\n        }\r\n        catch(error){ \r\n            console.log(\"error\",error);\r\n            res.status(404).json({\r\n                \"status\":\"error\",\r\n                \"message\":error.message\r\n            })\r\n        }\r\n    }\r\n\r\n\r\n    static async getUsers(req,res){\r\n        try{\r\n        \r\n            const users= await User.find();\r\n            res.status(200).json({\r\n                status:\"success\",\r\n                message:{\r\n                    \"post\":users\r\n                }\r\n            })\r\n        }\r\n        catch(error){\r\n            res.status(404).json({\r\n                \"status\":\"error\",\r\n                \"message\":error.message\r\n            })\r\n        }\r\n    }\r\n\r\n\r\n\r\n    static async getSingleUser(req,res){\r\n        try{\r\n            const user= await User.findOne({id:req.params.id});\r\n            res.status(200).json({\r\n                \"status\":\"success\",\r\n                \"data\":{\r\n                    \"post\":user\r\n                }\r\n            })\r\n\r\n        }\r\n        catch(error){\r\n            res.status(404).json({\r\n                \"status\":\"error\",\r\n                \"message\":error.message\r\n            })\r\n        }\r\n    }\r\n\r\n\r\n    static async deleteUser(req,res){\r\n        try{\r\n            await User.findByIdAndDelete(req.params.id);\r\n            res.status(204).json({\r\n                \"status\":'success',\r\n                \"message\":\"The user deleted successfully!\"\r\n            })\r\n\r\n        }\r\n        catch(error){\r\n            res.status(404).json({\r\n                \"status\":\"error occured\",\r\n                \"message\":error.message\r\n            })\r\n        }\r\n    }\r\n\r\n\r\n\r\n    static async login(req,res){\r\n        try{\r\n            const user=await User.findOne({email:req.body.email});\r\n            if(!user){\r\n                res.status(404).json({\r\n                    \"status\":\"error\",\r\n                    \"message\":\"user not found\"\r\n                });\r\n\r\n            }\r\n            const isMatch= await bcrypt.compare(req.body.password,user.password);\r\n            if(!isMatch){\r\n                res.status(404).json({\r\n                    \"status\":\"error\",\r\n                    \"message\":\"password don't match\"\r\n                })\r\n            }\r\n\r\n            const token=jwt.sign({id:user._id}, process.env.JWT_SECRET, {expiresIn:\"3h\"});\r\n            res.status(200).json({\r\n                \"status\":\"success\",\r\n                data:user,\r\n                token:token\r\n            })\r\n          \r\n        }\r\n        catch(error){\r\n            res.status(404).json({\r\n                \"status\":\"error\",\r\n                \"message\":error.message\r\n            })\r\n\r\n        }\r\n    }\r\n\r\n\r\n}\r\n\r\nexport default UserController;\r\n"],"mappings":";;;;;;;;;;;AAAA;AACA;AACA;AACA;AAEAA,kBAAM,CAACC,MAAM,EAAE;AAAC,IAIVC,cAAc;EAAA;IAAA;EAAA;EAAA;IAAA;IAAA;MAAA,gGAEhB,iBAAwBC,GAAG,EAACC,GAAG;QAAA;QAAA;UAAA;YAAA;cAAA;cAAA,OACVC,kBAAM,CAACC,OAAO,CAAC,EAAE,CAAC;YAAA;cAA7BC,IAAI;cAAA;cAAA,OACiBF,kBAAM,CAACG,IAAI,CAACL,GAAG,CAACM,IAAI,CAACC,QAAQ,EAACH,IAAI,CAAC;YAAA;cAAxDI,cAAc;cAAA;cAGbC,IAAI,GAAE,IAAIC,qBAAI,CAAC;gBAClBC,SAAS,EAACX,GAAG,CAACM,IAAI,CAACK,SAAS;gBAC5BC,QAAQ,EAACZ,GAAG,CAACM,IAAI,CAACM,QAAQ;gBAC1BC,KAAK,EAACb,GAAG,CAACM,IAAI,CAACO,KAAK;gBACpBN,QAAQ,EAACC;cACZ,CAAC,CAAC;cAAA;cAAA,OACIC,IAAI,CAACK,IAAI,EAAE;YAAA;cAEjBb,GAAG,CAACc,MAAM,CAAC,GAAG,CAAC,CAACC,IAAI,CAAC;gBAClB,QAAQ,EAAC,oBAAoB;gBAC7B,MAAM,EAACP;cACV,CAAC,CAAC;cACFQ,OAAO,CAACC,GAAG,CAAC,2BAA2B,CAAC;cAAC;cAAA;YAAA;cAAA;cAAA;cAGtCD,OAAO,CAACC,GAAG,CAAC,OAAO,cAAO;cAC1BjB,GAAG,CAACc,MAAM,CAAC,GAAG,CAAC,CAACC,IAAI,CAAC;gBACjB,QAAQ,EAAC,OAAO;gBAChB,SAAS,EAAC,YAAMG;cACpB,CAAC,CAAC;YAAA;YAAA;cAAA;UAAA;QAAA;MAAA,CAET;MAAA;QAAA;MAAA;MAAA;IAAA;EAAA;IAAA;IAAA;MAAA,8FAGD,kBAAsBnB,GAAG,EAACC,GAAG;QAAA;QAAA;UAAA;YAAA;cAAA;cAAA;cAAA,OAGFS,qBAAI,CAACU,IAAI,EAAE;YAAA;cAAxBC,KAAK;cACXpB,GAAG,CAACc,MAAM,CAAC,GAAG,CAAC,CAACC,IAAI,CAAC;gBACjBD,MAAM,EAAC,SAAS;gBAChBI,OAAO,EAAC;kBACJ,MAAM,EAACE;gBACX;cACJ,CAAC,CAAC;cAAA;cAAA;YAAA;cAAA;cAAA;cAGFpB,GAAG,CAACc,MAAM,CAAC,GAAG,CAAC,CAACC,IAAI,CAAC;gBACjB,QAAQ,EAAC,OAAO;gBAChB,SAAS,EAAC,aAAMG;cACpB,CAAC,CAAC;YAAA;YAAA;cAAA;UAAA;QAAA;MAAA,CAET;MAAA;QAAA;MAAA;MAAA;IAAA;EAAA;IAAA;IAAA;MAAA,mGAID,kBAA2BnB,GAAG,EAACC,GAAG;QAAA;QAAA;UAAA;YAAA;cAAA;cAAA;cAAA,OAERS,qBAAI,CAACY,OAAO,CAAC;gBAACC,EAAE,EAACvB,GAAG,CAACwB,MAAM,CAACD;cAAE,CAAC,CAAC;YAAA;cAA5Cd,IAAI;cACVR,GAAG,CAACc,MAAM,CAAC,GAAG,CAAC,CAACC,IAAI,CAAC;gBACjB,QAAQ,EAAC,SAAS;gBAClB,MAAM,EAAC;kBACH,MAAM,EAACP;gBACX;cACJ,CAAC,CAAC;cAAA;cAAA;YAAA;cAAA;cAAA;cAIFR,GAAG,CAACc,MAAM,CAAC,GAAG,CAAC,CAACC,IAAI,CAAC;gBACjB,QAAQ,EAAC,OAAO;gBAChB,SAAS,EAAC,aAAMG;cACpB,CAAC,CAAC;YAAA;YAAA;cAAA;UAAA;QAAA;MAAA,CAET;MAAA;QAAA;MAAA;MAAA;IAAA;EAAA;IAAA;IAAA;MAAA,gGAGD,kBAAwBnB,GAAG,EAACC,GAAG;QAAA;UAAA;YAAA;cAAA;cAAA;cAAA,OAEjBS,qBAAI,CAACe,iBAAiB,CAACzB,GAAG,CAACwB,MAAM,CAACD,EAAE,CAAC;YAAA;cAC3CtB,GAAG,CAACc,MAAM,CAAC,GAAG,CAAC,CAACC,IAAI,CAAC;gBACjB,QAAQ,EAAC,SAAS;gBAClB,SAAS,EAAC;cACd,CAAC,CAAC;cAAA;cAAA;YAAA;cAAA;cAAA;cAIFf,GAAG,CAACc,MAAM,CAAC,GAAG,CAAC,CAACC,IAAI,CAAC;gBACjB,QAAQ,EAAC,eAAe;gBACxB,SAAS,EAAC,aAAMG;cACpB,CAAC,CAAC;YAAA;YAAA;cAAA;UAAA;QAAA;MAAA,CAET;MAAA;QAAA;MAAA;MAAA;IAAA;EAAA;IAAA;IAAA;MAAA,2FAID,kBAAmBnB,GAAG,EAACC,GAAG;QAAA;QAAA;UAAA;YAAA;cAAA;cAAA;cAAA,OAEDS,qBAAI,CAACY,OAAO,CAAC;gBAACT,KAAK,EAACb,GAAG,CAACM,IAAI,CAACO;cAAK,CAAC,CAAC;YAAA;cAA/CJ,IAAI;cACV,IAAG,CAACA,IAAI,EAAC;gBACLR,GAAG,CAACc,MAAM,CAAC,GAAG,CAAC,CAACC,IAAI,CAAC;kBACjB,QAAQ,EAAC,OAAO;kBAChB,SAAS,EAAC;gBACd,CAAC,CAAC;cAEN;cAAC;cAAA,OACoBd,kBAAM,CAACwB,OAAO,CAAC1B,GAAG,CAACM,IAAI,CAACC,QAAQ,EAACE,IAAI,CAACF,QAAQ,CAAC;YAAA;cAA9DoB,OAAO;cACb,IAAG,CAACA,OAAO,EAAC;gBACR1B,GAAG,CAACc,MAAM,CAAC,GAAG,CAAC,CAACC,IAAI,CAAC;kBACjB,QAAQ,EAAC,OAAO;kBAChB,SAAS,EAAC;gBACd,CAAC,CAAC;cACN;cAEMY,KAAK,GAACC,wBAAG,CAACC,IAAI,CAAC;gBAACP,EAAE,EAACd,IAAI,CAACsB;cAAG,CAAC,EAAEC,OAAO,CAACC,GAAG,CAACC,UAAU,EAAE;gBAACC,SAAS,EAAC;cAAI,CAAC,CAAC;cAC7ElC,GAAG,CAACc,MAAM,CAAC,GAAG,CAAC,CAACC,IAAI,CAAC;gBACjB,QAAQ,EAAC,SAAS;gBAClBoB,IAAI,EAAC3B,IAAI;gBACTmB,KAAK,EAACA;cACV,CAAC,CAAC;cAAA;cAAA;YAAA;cAAA;cAAA;cAIF3B,GAAG,CAACc,MAAM,CAAC,GAAG,CAAC,CAACC,IAAI,CAAC;gBACjB,QAAQ,EAAC,OAAO;gBAChB,SAAS,EAAC,aAAMG;cACpB,CAAC,CAAC;YAAA;YAAA;cAAA;UAAA;QAAA;MAAA,CAGT;MAAA;QAAA;MAAA;MAAA;IAAA;EAAA;EAAA;AAAA;AAAA,eAKUpB,cAAc;AAAA"},"_coverageSchema":"1a1c01bbd47fc00a2c39e90264f33305004495a9","hash":"7bbadc9553901c20a1df89eb65e93fe71961d4d6","contentHash":"5a7dd77ba67af4af9a66df8c06a808c15058a3a42dd3d641bc36a5db7c3bdd19"},"C:\\Users\\HP\\OneDrive\\Desktop\\ATLP\\my-brand-Tparfaite\\server\\my-brand-Tparfaite-backend\\src\\models\\UserModel.js":{"path":"C:\\Users\\HP\\OneDrive\\Desktop\\ATLP\\my-brand-Tparfaite\\server\\my-brand-Tparfaite-backend\\src\\models\\UserModel.js","statementMap":{"0":{"start":{"line":3,"column":29},"end":{"line":3,"column":84}},"1":{"start":{"line":4,"column":0},"end":{"line":6,"column":3}},"2":{"start":{"line":7,"column":0},"end":{"line":7,"column":28}},"3":{"start":{"line":8,"column":16},"end":{"line":8,"column":59}},"4":{"start":{"line":9,"column":17},"end":{"line":28,"column":2}},"5":{"start":{"line":29,"column":11},"end":{"line":29,"column":57}},"6":{"start":{"line":30,"column":15},"end":{"line":30,"column":19}},"7":{"start":{"line":31,"column":0},"end":{"line":31,"column":30}}},"fnMap":{},"branchMap":{},"s":{"0":1,"1":1,"2":1,"3":1,"4":1,"5":1,"6":1,"7":1},"f":{},"b":{},"inputSourceMap":{"version":3,"names":["userSchema","mongoose","Schema","firstName","type","String","lastName","email","password","role","timestamps","User","model"],"sourceRoot":"C:\\Users\\HP\\OneDrive\\Desktop\\ATLP\\my-brand-Tparfaite\\server\\my-brand-Tparfaite-backend\\src\\models\\","sources":["UserModel.js"],"sourcesContent":["import mongoose from \"mongoose\";\r\n\r\nconst userSchema=mongoose.Schema({\r\n    firstName:{\r\n        type:String,\r\n       \r\n    },\r\n    lastName:{\r\n        type:String,\r\n        \r\n    },\r\n    email:{\r\n        type:String,\r\n       \r\n    },\r\n    password:{\r\n        type:String,\r\n       \r\n    },\r\n    role:{\r\n        type:String,\r\n        default:\"user\"\r\n    }\r\n\r\n}, {timestamps:true });\r\n\r\nconst User=mongoose.model(\"User\",userSchema);\r\n\r\nexport default User;\r\n\r\n\r\n"],"mappings":";;;;;;;AAAA;AAEA,IAAMA,UAAU,GAACC,oBAAQ,CAACC,MAAM,CAAC;EAC7BC,SAAS,EAAC;IACNC,IAAI,EAACC;EAET,CAAC;EACDC,QAAQ,EAAC;IACLF,IAAI,EAACC;EAET,CAAC;EACDE,KAAK,EAAC;IACFH,IAAI,EAACC;EAET,CAAC;EACDG,QAAQ,EAAC;IACLJ,IAAI,EAACC;EAET,CAAC;EACDI,IAAI,EAAC;IACDL,IAAI,EAACC,MAAM;IACX,WAAQ;EACZ;AAEJ,CAAC,EAAE;EAACK,UAAU,EAAC;AAAK,CAAC,CAAC;AAEtB,IAAMC,IAAI,GAACV,oBAAQ,CAACW,KAAK,CAAC,MAAM,EAACZ,UAAU,CAAC;AAAC,eAE9BW,IAAI;AAAA"},"_coverageSchema":"1a1c01bbd47fc00a2c39e90264f33305004495a9","hash":"4da7d2c1ba5c121a60956556f259f8f6923e0811","contentHash":"57aeee4cacc431d63e5871cfdd836a7fc2fe9f6f05f0d70c4ae20bda21be646d"},"C:\\Users\\HP\\OneDrive\\Desktop\\ATLP\\my-brand-Tparfaite\\server\\my-brand-Tparfaite-backend\\src\\middleware\\validatedUser.js":{"path":"C:\\Users\\HP\\OneDrive\\Desktop\\ATLP\\my-brand-Tparfaite\\server\\my-brand-Tparfaite-backend\\src\\middleware\\validatedUser.js","statementMap":{"0":{"start":{"line":3,"column":29},"end":{"line":3,"column":84}},"1":{"start":{"line":4,"column":0},"end":{"line":6,"column":3}},"2":{"start":{"line":7,"column":0},"end":{"line":7,"column":28}},"3":{"start":{"line":8,"column":22},"end":{"line":8,"column":85}},"4":{"start":{"line":9,"column":20},"end":{"line":24,"column":1}},"5":{
[...]
s: \"I like this\",\r\n                            blogContent: \"Express.js, or simply Express, is a back end web application framework for building RESTful APIs with Node.js, released as free and open-source software under the MIT License. It is designed for building web applications and APIs. It has been called the de facto standard server framework for Node.js\",\r\n                            createdAt: \"2023-01-29T16:09:21.384Z\",\r\n                            updatedAt: \"2023-01-29T16:09:21.384Z\",\r\n                            __v: 0\r\n                        },\r\n                    },\r\n                },\r\n            },\r\n        },\r\n    },\r\n\r\n};\r\n\r\n\r\nconst deleteBlog = {\r\n    tags: [\"Blogs\"],\r\n    description: \"Delete a blog\",\r\n\r\n    parameters: [\r\n        {\r\n            name: \"id\",\r\n            in: \"path\",\r\n            description: \"ID of the blog to delete\",\r\n            required: true,\r\n            type: \"string\"\r\n        }\r\n    ],\r\n    security: [\r\n        {\r\n          token: [],\r\n        },\r\n      ],\r\n\r\n    responses: {\r\n        204: {\r\n            description: \"No Content\"\r\n        },\r\n        401: {\r\n            description: \"Unauthorized\"\r\n        },\r\n        404: {\r\n            description: \"Not Found\"\r\n        }\r\n    }\r\n};\r\n\r\n\r\n\r\nconst blogRouteDoc={\r\n    \"/api/getAllBlogs\":{\r\n        get:getAllBlogs\r\n    },\r\n    \"/api/getOneBlog/{id}\":{\r\n        get:getOneBlog\r\n    },\r\n    \"/api/createBlog\":{\r\n        post:createBlog\r\n    },\r\n    \"/api/deleteBlog/{id}\":{\r\n       delete:deleteBlog\r\n    }\r\n}\r\nexport default blogRouteDoc;"],"mappings":";;;;;;AAAA,IAAMA,WAAW,GAAC;EACdC,IAAI,EAAC,CAAC,OAAO,CAAC;EACdC,WAAW,EAAC,gBAAgB;EAC5BC,SAAS,EAAC;IACN,GAAG,EAAC;MACAD,WAAW,EAAC,IAAI;MAChBE,OAAO,EAAC;QACJ,kBAAkB,EAAC;UACfC,OAAO,EAAC;YACJC,IAAI,EAAC,QAAQ;YACbC,OAAO,EAAC;cACJC,SAAS,EAAE,MAAM;cACjBC,UAAU,EAAE,SAAS;cACrBC,SAAS,EAAE,wFAAwF;cACnGC,YAAY,EAAE,uBAAuB;cACrCC,WAAW,EAAE,+OAA+O;cAC5PC,GAAG,EAAE,0BAA0B;cAC/BC,SAAS,EAAE,0BAA0B;cACrCC,SAAS,EAAE,0BAA0B;cACrCC,GAAG,EAAE;YACT;UACJ;QACJ;MACJ;IACJ;EACJ;AACJ,CAAC;;AAGD;;AAEA,IAAMC,UAAU,GAAC;EACbhB,IAAI,EAAC,CAAC,OAAO,CAAC;EACdiB,OAAO,EAAC,gBAAgB;EACxBhB,WAAW,EAAC,oBAAoB;EAChCiB,UAAU,EAAC,CACP;IACIC,IAAI,EAAC,IAAI;IACT,MAAG,MAAM;IACTlB,WAAW,EAAC,SAAS;IACrBI,IAAI,EAAC,QAAQ;IACbC,OAAO,EAAC;EACZ,CAAC,CACJ;EACDJ,SAAS,EAAC;IACN,GAAG,EAAC;MACAD,WAAW,EAAC,IAAI;MAChBE,OAAO,EAAC;QACJiB,MAAM,EAAC;UACHf,IAAI,EAAC,QAAQ;UACbC,OAAO,EAAC;YACJC,SAAS,EAAE,MAAM;YACjBC,UAAU,EAAE,SAAS;YACrBC,SAAS,EAAE,wFAAwF;YACnGC,YAAY,EAAE,uBAAuB;YACrCC,WAAW,EAAE,+OAA+O;YAC5PC,GAAG,EAAE,0BAA0B;YAC/BC,SAAS,EAAE,0BAA0B;YACrCC,SAAS,EAAE,0BAA0B;YACrCC,GAAG,EAAE;UAET;QACJ;MACJ;IACJ,CAAC;IACD,GAAG,EAAC;MACAd,WAAW,EAAC;IAChB;EACJ;AACJ,CAAC;;AAGD;;AAEA,IAAMoB,UAAU,GAAC;EACbrB,IAAI,EAAC,CAAC,OAAO,CAAC;EACdC,WAAW,EAAC,iBAAiB;EAC7BqB,QAAQ,EAAC,CACL;IACIC,KAAK,EAAC;EACV,CAAC,CACJ;EACDC,WAAW,EAAC;IACRrB,OAAO,EAAC;MACJ,kBAAkB,EAAC;QACfiB,MAAM,EAAC;UACHf,IAAI,EAAC,QAAQ;UACboB,UAAU,EAAC;YACPlB,SAAS,EAAC;cACNF,IAAI,EAAC,QAAQ;cACbJ,WAAW,EAAC,mBAAmB;cAC/BK,OAAO,EAAC;YACZ,CAAC;YACDE,UAAU,EAAC;cACPH,IAAI,EAAC,QAAQ;cACbJ,WAAW,EAAC,oBAAoB;cAChCK,OAAO,EAAC;YACZ,CAAC;YACDG,SAAS,EAAC;cACNJ,IAAI,EAAC,QAAQ;cACbJ,WAAW,EAAC,eAAe;cAC3BK,OAAO,EAAC;YACZ,CAAC;YACDK,WAAW,EAAC;cACRN,IAAI,EAAC,QAAQ;cACbJ,WAAW,EAAC,kBAAkB;cAC9BK,OAAO,EAAC;YACZ,CAAC;YACDI,YAAY,EAAC;cACTL,IAAI,EAAC,QAAQ;cACbJ,WAAW,EAAC,kBAAkB;cAC9BK,OAAO,EAAC;YACZ;UACJ;QACJ;MACJ;IACJ;EACJ,CAAC;EAGDJ,SAAS,EAAC;IACN,GAAG,EAAC;MACAD,WAAW,EAAC,IAAI;MAChBE,OAAO,EAAC;QACJ,kBAAkB,EAAC;UACfiB,MAAM,EAAC;YACHf,IAAI,EAAC,QAAQ;YACbC,OAAO,EAAC;cACJM,GAAG,EAAE,0BAA0B;cAC/BL,SAAS,EAAE,SAAS;cACpBC,UAAU,EAAE,QAAQ;cACpBC,SAAS,EAAE,wFAAwF;cACnGC,YAAY,EAAE,aAAa;cAC3BC,WAAW,EAAE,8SAA8S;cAC3TE,SAAS,EAAE,0BAA0B;cACrCC,SAAS,EAAE,0BAA0B;cACrCC,GAAG,EAAE;YACT;UACJ;QACJ;MACJ;IACJ;EACJ;AAEJ,CAAC;AAGD,IAAMW,UAAU,GAAG;EACf1B,IAAI,EAAE,CAAC,OAAO,CAAC;EACfC,WAAW,EAAE,eAAe;EAE5BiB,UAAU,EAAE,CACR;IACIC,IAAI,EAAE,IAAI;IACV,MAAI,MAAM;IACVlB,WAAW,EAAE,0BAA0B;IACvC0B,QAAQ,EAAE,IAAI;IACdtB,IAAI,EAAE;EACV,CAAC,CACJ;EACDiB,QAAQ,EAAE,CACN;IACEC,KAAK,EAAE;EACT,CAAC,CACF;EAEHrB,SAAS,EAAE;IACP,GAAG,EAAE;MACDD,WAAW,EAAE;IACjB,CAAC;IACD,GAAG,EAAE;MACDA,WAAW,EAAE;IACjB,CAAC;IACD,GAAG,EAAE;MACDA,WAAW,EAAE;IACjB;EACJ;AACJ,CAAC;AAID,IAAM2B,YAAY,GAAC;EACf,kBAAkB,EAAC;IACfC,GAAG,EAAC9B;EACR,CAAC;EACD,sBAAsB,EAAC;IACnB8B,GAAG,EAACb;EACR,CAAC;EACD,iBAAiB,EAAC;IACdc,IAAI,EAACT;EACT,CAAC;EACD,sBAAsB,EAAC;IACpB,UAAOK;EACV;AACJ,CAAC;AAAA,eACcE,YAAY;AAAA"},"_coverageSchema":"1a1c01bbd47fc00a2c39e90264f33305004495a9","hash":"7ab3a6eb833a757db2c5dc01e50fce219b2865b3","contentHash":"584a68fab1ba7eef3e0c4a90c43542b60a193e64519108df6973de307d82f6d3"},"C:\\Users\\HP\\OneDrive\\Desktop\\ATLP\\my-brand-Tparfaite\\server\\my-brand-Tparfaite-backend\\src\\helpers\\contact.doc.js":{"path":"C:\\Users\\HP\\OneDrive\\Desktop\\ATLP\\my-brand-Tparfaite\\server\\my-brand-Tparfaite-backend\\src\\helpers\\contact.doc.js","statementMap":{"0":{"start":{"line":3,"column":0},"end":{"line":5,"column":3}},"1":{"start":{"line":6,"column":0},"end":{"line":6,"column":28}},"2":{"start":{"line":7,"column":21},"end":{"line":27,"column":1}},"3":{"start":{"line":28,"column":23},"end":{"line":55,"column":1}},"4":{"start":{"line":56,"column":20},"end":{"line":104,"column":1}},"5":{"start":{"line":105,"column":20},"end":{"line":132,"column":1}},"6":{"start":{"line":133,"column":22},"end":{"line":146,"column":1}},"7":{"start":{"line":147,"column":15},"end":{"line":147,"column":30}},"8":{"start":{"line":148,"column":0},"end":{"line":148,"column":30}}},"fnMap":{},"branchMap":{},"s":{"0":1,"1":1,"2":1,"3":1,"4":1,"5":1,"6":1,"7":1,"8":1},"f":{},"b":{},"inputSourceMap":{"version":3,"names":["getAllMessages","tags","description","security","token","Responses","content","type","example","status","data","getSingleMessage","parameters","name","responses","createMessage","requestBody","schema","properties","email","fullName","contact","message","deleteMessage","post","contactRouteDoc","get"],"sourceRoot":"C:\\Users\\HP\\OneDrive\\Desktop\\ATLP\\my-brand-Tparfaite\\server\\my-brand-Tparfaite-backend\\src\\helpers\\","sources":["contact.doc.js"],"sourcesContent":["const getAllMessages={\r\n    tags:['Contact'],\r\n    description:\"get all contact messages\",\r\n    security: [\r\n        {\r\n          token: [],\r\n        },\r\n    ],\r\n    Responses:{\r\n        200:{\r\n            description:\"OK\",\r\n            content:{\r\n                \"application/json\":{\r\n                    type:'object',\r\n                    example:{\r\n                        status:\"success\",\r\n                        data:[]\r\n                    }\r\n                }\r\n            }\r\n        }\r\n    }\r\n\r\n};\r\n\r\nconst getSingleMessage = {\r\n    tags:['Contact'],\r\n    description:\"get contact message by id\",\r\n    parameters:[\r\n        {\r\n            name:\"id\",\r\n            in:\"path\",\r\n            description:\" message id\",\r\n            type:\"string\",\r\n            example:\"63d69a31235540d67ae4572a\"\r\n        }\r\n    ],\r\n    security: [\r\n        {\r\n          token: [],\r\n        },\r\n      ],\r\n    responses:{\r\n        200:{\r\n            description:\"OK\",\r\n            content:{\r\n                 \"application/json\":{\r\n                    type:'object',\r\n                    example:{\r\n                        status:\"success\",\r\n                        data:[]\r\n                    }\r\n                 }\r\n            }\r\n        }\r\n    }\r\n};\r\n\r\n\r\nconst createMessage = {\r\n    tags:['Contact'],\r\n    description:\"Create a message\",\r\n    requestBody:{\r\n        content:{\r\n            \"application/json\":{\r\n                schema:{\r\n                    type:\"object\",\r\n                    properties:{\r\n                        email:{\r\n                            type:\"string\",\r\n                            description:\"your email\",\r\n                            example:\"parfaite@gmail.com\"\r\n                        },\r\n                        fullName:{\r\n                            type:\"string\",\r\n                            description:\"Your name\",\r\n                            example:\"parfaite Twagira\"\r\n                        },\r\n                        contact:{\r\n                            type:'number',\r\n                            description:\"your phone number\",\r\n                            example:\"0781778103\"\r\n                        },\r\n                      \r\n                        message:{\r\n                            type:\"string\",\r\n                            description:\"write message to send\",\r\n                            example:\"this is good\"\r\n                        },\r\n                    }\r\n                }\r\n            }\r\n        }\r\n    },\r\n    responses:{\r\n        201:{\r\n            description:\"OK\",\r\n            content:{\r\n                \"application/json\":{\r\n                    type:\"object\",\r\n                    example:{\r\n                        status:\"success\",\r\n                        data:[]\r\n                    }\r\n                }\r\n            }\r\n        }\r\n    }\r\n};\r\n\r\nconst deleteMessage = {\r\n    tags:['Contact'],\r\n    description:\"delete contact message by id\",\r\n    parameters:[\r\n        {\r\n            name:\"id\",\r\n            in:\"path\",\r\n            description:\"message id\",\r\n            type:\"string\",\r\n            example:\"63d69a31235540d67ae4572a\"\r\n        }\r\n    ],\r\n    security: [\r\n        {\r\n          token: [],\r\n        },\r\n      ],\r\n    responses:{\r\n        200:{\r\n            description:\"OK\",\r\n            content:{\r\n                 \"application/json\":{\r\n                    type:'object',\r\n                    example:{\r\n                        status:\"success\",\r\n                        post:[]\r\n                    }\r\n                 }\r\n            }\r\n        }\r\n    }\r\n};\r\n\r\n\r\n\r\nconst contactRouteDoc={\r\n    \"/api/getAllMessages\":{\r\n        get:getAllMessages\r\n    },\r\n    \"/api/createMessage\":{\r\n        post:createMessage\r\n    },\r\n    \"/api/deleteMessage/{id}\":{\r\n        delete:deleteMessage\r\n    },\r\n    \"/api/getSingleMessage/{id}\":{\r\n        get:getSingleMessage\r\n    }\r\n\r\n};\r\nexport default contactRouteDoc"],"mappings":";;;;;;AAAA,IAAMA,cAAc,GAAC;EACjBC,IAAI,EAAC,CAAC,SAAS,CAAC;EAChBC,WAAW,EAAC,0BAA0B;EACtCC,QAAQ,EAAE,CACN;IACEC,KAAK,EAAE;EACT,CAAC,CACJ;EACDC,SAAS,EAAC;IACN,GAAG,EAAC;MACAH,WAAW,EAAC,IAAI;MAChBI,OAAO,EAAC;QACJ,kBAAkB,EAAC;UACfC,IAAI,EAAC,QAAQ;UACbC,OAAO,EAAC;YACJC,MAAM,EAAC,SAAS;YAChBC,IAAI,EAAC;UACT;QACJ;MACJ;IACJ;EACJ;AAEJ,CAAC;AAED,IAAMC,gBAAgB,GAAG;EACrBV,IAAI,EAAC,CAAC,SAAS,CAAC;EAChBC,WAAW,EAAC,2BAA2B;EACvCU,UAAU,EAAC,CACP;IACIC,IAAI,EAAC,IAAI;IACT,MAAG,MAAM;IACTX,WAAW,EAAC,aAAa;IACzBK,IAAI,EAAC,QAAQ;IACbC,OAAO,EAAC;EACZ,CAAC,CACJ;EACDL,QAAQ,EAAE,CACN;IACEC,KAAK,EAAE;EACT,CAAC,CACF;EACHU,SAAS,EAAC;IACN,GAAG,EAAC;MACAZ,WAAW,EAAC,IAAI;MAChBI,OAAO,EAAC;QACH,kBAAkB,EAAC;UAChBC,IAAI,EAAC,QAAQ;UACbC,OAAO,EAAC;YACJC,MAAM,EAAC,SAAS;YAChBC,IAAI,EAAC;UACT;QACH;MACL;IACJ;EACJ;AACJ,CAAC;AAGD,IAAMK,aAAa,GAAG;EAClBd,IAAI,EAAC,CAAC,SAAS,CAAC;EAChBC,WAAW,EAAC,kBAAkB;EAC9Bc,WAAW,EAAC;IACRV,OAAO,EAAC;MACJ,kBAAkB,EAAC;QACfW,MAAM,EAAC;UACHV,IAAI,EAAC,QAAQ;UACbW,UAAU,EAAC;YACPC,KAAK,EAAC;cACFZ,IAAI,EAAC,QAAQ;cACbL,WAAW,EAAC,YAAY;cACxBM,OAAO,EAAC;YACZ,CAAC;YACDY,QAAQ,EAAC;cACLb,IAAI,EAAC,QAAQ;cACbL,WAAW,EAAC,WAAW;cACvBM,OAAO,EAAC;YACZ,CAAC;YACDa,OAAO,EAAC;cACJd,IAAI,EAAC,QAAQ;cACbL,WAAW,EAAC,mBAAmB;cAC/BM,OAAO,EAAC;YACZ,CAAC;YAEDc,OAAO,EAAC;cACJf,IAAI,EAAC,QAAQ;cACbL,WAAW,EAAC,uBAAuB;cACnCM,OAAO,EAAC;YACZ;UACJ;QACJ;MACJ;IACJ;EACJ,CAAC;EACDM,SAAS,EAAC;IACN,GAAG,EAAC;MACAZ,WAAW,EAAC,IAAI;MAChBI,OAAO,EAAC;QACJ,kBAAkB,EAAC;UACfC,IAAI,EAAC,QAAQ;UACbC,OAAO,EAAC;YACJC,MAAM,EAAC,SAAS;YAChBC,IAAI,EAAC;UACT;QACJ;MACJ;IACJ;EACJ;AACJ,CAAC;AAED,IAAMa,aAAa,GAAG;EAClBtB,IAAI,EAAC,CAAC,SAAS,CAAC;EAChBC,WAAW,EAAC,8BAA8B;EAC1CU,UAAU,EAAC,CACP;IACIC,IAAI,EAAC,IAAI;IACT,MAAG,MAAM;IACTX,WAAW,EAAC,YAAY;IACxBK,IAAI,EAAC,QAAQ;IACbC,OAAO,EAAC;EACZ,CAAC,CACJ;EACDL,QAAQ,EAAE,CACN;IACEC,KAAK,EAAE;EACT,CAAC,CACF;EACHU,SAAS,EAAC;IACN,GAAG,EAAC;MACAZ,WAAW,EAAC,IAAI;MAChBI,OAAO,EAAC;QACH,kBAAkB,EAAC;UAChBC,IAAI,EAAC,QAAQ;UACbC,OAAO,EAAC;YACJC,MAAM,EAAC,SAAS;YAChBe,IAAI,EAAC;UACT;QACH;MACL;IACJ;EACJ;AACJ,CAAC;AAID,IAAMC,eAAe,GAAC;EAClB,qBAAqB,EAAC;IAClBC,GAAG,EAAC1B;EACR,CAAC;EACD,oBAAoB,EAAC;IACjBwB,IAAI,EAACT;EACT,CAAC;EACD,yBAAyB,EAAC;IACtB,UAAOQ;EACX,CAAC;EACD,4BAA4B,EAAC;IACzBG,GAAG,EAACf;EACR;AAEJ,CAAC;AAAC,eACac,eAAe;AAAA"},"_coverageSchema":"1a1c01bbd47fc00a2c39e90264f33305004495a9","hash":"a312a8df7cea81081ec233f7052a38f3a55ed748","contentHash":"0ca991a2ecc6b0b24f0c7083bd2f7a8bac51ddce0fc61b8902d513983770996e"},"C:\\Users\\HP\\OneDrive\\Desktop\\ATLP\\my-brand-Tparfaite\\server\\my-brand-Tparfaite-backend\\src\\helpers\\user.doc.js":{"path":"C:\\Users\\HP\\OneDrive\\Desktop\\ATLP\\my-brand-Tparfaite\\server\\my-brand-Tparfaite-backend\\src\\helpers\\user.doc.js","statementMap":{"0":{"start":{"line":3,"column":0},"end":{"line":5,"column":3}},"1":{"start":{"line":6,"column":0},"end":{"line":6,"column":28}},"2":{"start":{"line":7,"column":17},"end":{"line":55,"column":1}},"3":{"start":{"line":56,"column":12},"end":{"line":92,"column":1}},"4":{"start":{"line":93,"column":18},"end":{"line":111,"column":1}},"5":{"start":{"line":112,"column":19},"end":{"line":122,"column":1}},"6":{"start":{"line":123,"column":15},"end":{"line":123,"column":27}},"7":{"start":{"line":124,"column":0},"end":{"line":124,"column":30}}},"fnMap":{},"branchMap":{},"s":{"0":1,"1":1,"2":1,"3":1,"4":1,"5":1,"6":1,"7":1},"f":{},"b":{},"inputSourceMap":{"version":3,"names":["createUser","tags","description","requestBody","content","schema","type","properties","firstName","example","lastName","email","password","responses","status","data","login","getAllUsers","security","token","userRouteDoc","post"],"sourceRoot":"C:\\Users\\HP\\OneDrive\\Desktop\\ATLP\\my-brand-Tparfaite\\server\\my-brand-Tparfaite-backend\\src\\helpers\\","sources":["user.doc.js"],"sourcesContent":["const createUser = {\r\n    tags:[\"User\"],\r\n    description: \"create a user\",\r\n    requestBody:{\r\n        content:{\r\n            \"Application/json\":{\r\n                schema:{\r\n                    type:\"object\",\r\n                    properties:{\r\n                        firstName:{\r\n                            type:\"string\",\r\n                            description:\"user first name \",\r\n                            example:\"Twagira\"\r\n                        },\r\n                        lastName:{\r\n                            type:\"string\",\r\n                            description:\"user last name \",\r\n                            example:\"Parfaite\",\r\n                        },\r\n                        email:{\r\n                            type:\"email\",\r\n                            description:\"email of the user\",\r\n                            example:\"parfaitetwagira@gmail.com\"\r\n                        },\r\n                        password:{\r\n                            type:\"string\",\r\n                            description:\" user password\",\r\n                            example:\"hello\",\r\n                        },\r\n                      \r\n                    },\r\n                },\r\n            },\r\n        },\r\n    },\r\n    responses:{\r\n        201:{\r\n            description:\"OK\",\r\n            content:{\r\n                \"application/json\":{\r\n                    type:\"object\",\r\n                    example:{\r\n                        status:\"success\",\r\n                        data:[]\r\n                    }\r\n                }\r\n            }\r\n        }\r\n    }\r\n};\r\n\r\n\r\n\r\nconst login = {\r\n    tags:[\"User\"],\r\n    description: \"login user\",\r\n    requestBody:{\r\n        content:{\r\n            \"Application/json\":{\r\n                schema:{\r\n                    type:\"object\",\r\n                    properties:{\r\n                        email:{\r\n                            type:\"email\",\r\n                            description:\"email of the user\",\r\n                            example:\"parfaitetwagira@gmail.com\"\r\n                        },\r\n                        password:{\r\n                            type:\"string\",\r\n                            description:\"password of the user\",\r\n                            example:\"perfect\",\r\n                        },\r\n                        \r\n                    },\r\n                },\r\n            },\r\n  \r\n        },\r\n    },\r\n  responses:{\r\n        200:{\r\n            description:\"OK\",\r\n            content:{\r\n                \"application/json\":{\r\n                    schema:{\r\n                        type:\"object\",\r\n  \r\n                    },\r\n                },\r\n            },\r\n        },\r\n    },\r\n  \r\n  \r\n};\r\n\r\n\r\nconst getAllUsers = {\r\n    \r\n    tags:[\"Users\"],\r\n    description: \"list of all users\",\r\n    security: [\r\n        {\r\n          token: [],\r\n        },\r\n      ],\r\n    responses:{\r\n        200:{\r\n            description:\"OK\",\r\n            content:{\r\n                \"application/json\":{\r\n                    schema:{\r\n                        type:\"object\",\r\n                      \r\n\r\n                    },\r\n                },\r\n            },\r\n        },\r\n    },\r\n};\r\n\r\n\r\nconst userRouteDoc={\r\n    \"/api/createUser\":{\r\n        post:createUser\r\n    },\r\n    \"/api/login\":{\r\n        post:login\r\n    },\r\n    \"/api/getAllUsers\":{\r\n        post:getAllUsers\r\n    },\r\n\r\n};\r\nexport default userRouteDoc"],"mappings":";;;;;;AAAA,IAAMA,UAAU,GAAG;EACfC,IAAI,EAAC,CAAC,MAAM,CAAC;EACbC,WAAW,EAAE,eAAe;EAC5BC,WAAW,EAAC;IACRC,OAAO,EAAC;MACJ,kBAAkB,EAAC;QACfC,MAAM,EAAC;UACHC,IAAI,EAAC,QAAQ;UACbC,UAAU,EAAC;YACPC,SAAS,EAAC;cACNF,IAAI,EAAC,QAAQ;cACbJ,WAAW,EAAC,kBAAkB;cAC9BO,OAAO,EAAC;YACZ,CAAC;YACDC,QAAQ,EAAC;cACLJ,IAAI,EAAC,QAAQ;cACbJ,WAAW,EAAC,iBAAiB;cAC7BO,OAAO,EAAC;YACZ,CAAC;YACDE,KAAK,EAAC;cACFL,IAAI,EAAC,OAAO;cACZJ,WAAW,EAAC,mBAAmB;cAC/BO,OAAO,EAAC;YACZ,CAAC;YACDG,QAAQ,EAAC;cACLN,IAAI,EAAC,QAAQ;cACbJ,WAAW,EAAC,gBAAgB;cAC5BO,OAAO,EAAC;YACZ;UAEJ;QACJ;MACJ;IACJ;EACJ,CAAC;EACDI,SAAS,EAAC;IACN,GAAG,EAAC;MACAX,WAAW,EAAC,IAAI;MAChBE,OAAO,EAAC;QACJ,kBAAkB,EAAC;UACfE,IAAI,EAAC,QAAQ;UACbG,OAAO,EAAC;YACJK,MAAM,EAAC,SAAS;YAChBC,IAAI,EAAC;UACT;QACJ;MACJ;IACJ;EACJ;AACJ,CAAC;AAID,IAAMC,KAAK,GAAG;EACVf,IAAI,EAAC,CAAC,MAAM,CAAC;EACbC,WAAW,EAAE,YAAY;EACzBC,WAAW,EAAC;IACRC,OAAO,EAAC;MACJ,kBAAkB,EAAC;QACfC,MAAM,EAAC;UACHC,IAAI,EAAC,QAAQ;UACbC,UAAU,EAAC;YACPI,KAAK,EAAC;cACFL,IAAI,EAAC,OAAO;cACZJ,WAAW,EAAC,mBAAmB;cAC/BO,OAAO,EAAC;YACZ,CAAC;YACDG,QAAQ,EAAC;cACLN,IAAI,EAAC,QAAQ;cACbJ,WAAW,EAAC,sBAAsB;cAClCO,OAAO,EAAC;YACZ;UAEJ;QACJ;MACJ;IAEJ;EACJ,CAAC;EACHI,SAAS,EAAC;IACJ,GAAG,EAAC;MACAX,WAAW,EAAC,IAAI;MAChBE,OAAO,EAAC;QACJ,kBAAkB,EAAC;UACfC,MAAM,EAAC;YACHC,IAAI,EAAC;UAET;QACJ;MACJ;IACJ;EACJ;AAGJ,CAAC;AAGD,IAAMW,WAAW,GAAG;EAEhBhB,IAAI,EAAC,CAAC,OAAO,CAAC;EACdC,WAAW,EAAE,mBAAmB;EAChCgB,QAAQ,EAAE,CACN;IACEC,KAAK,EAAE;EACT,CAAC,CACF;EACHN,SAAS,EAAC;IACN,GAAG,EAAC;MACAX,WAAW,EAAC,IAAI;MAChBE,OAAO,EAAC;QACJ,kBAAkB,EAAC;UACfC,MAAM,EAAC;YACHC,IAAI,EAAC;UAGT;QACJ;MACJ;IACJ;EACJ;AACJ,CAAC;AAGD,IAAMc,YAAY,GAAC;EACf,iBAAiB,EAAC;IACdC,IAAI,EAACrB;EACT,CAAC;EACD,YAAY,EAAC;IACTqB,IAAI,EAACL;EACT,CAAC;EACD,kBAAkB,EAAC;IACfK,IAAI,EAACJ;EACT;AAEJ,CAAC;AAAC,eACaG,YAAY;AAAA"},"_coverageSchema":"1a1c01bbd47fc00a2c39e90264f33305004495a9","hash":"d8bb9cd16f23de18d52abe74d922785eb1cbabe6","contentHash":"a87b93eace2486ff1cb37569dda2554a076783bab0f70dbfc27d8ed9b476a586"}}