TN:
SF:src\documentation.js
FN:3,ownKeys
FNF:1
FNH:1
FNDA:19,ownKeys
DA:1,1
DA:2,1
DA:3,43
DA:5,1
DA:57,1
LF:5
LH:5
BRDA:3,0,0,12
BRDA:3,0,1,3
BRF:2
BRH:2
end_of_record
TN:
SF:src\index.js
FN:12,_getRequireWildcardCache
FN:27,(anonymous_3)
FNF:2
FNH:2
FNDA:3,_getRequireWildcardCache
FNDA:1,(anonymous_3)
DA:1,1
DA:2,1
DA:3,1
DA:4,1
DA:5,1
DA:6,1
DA:7,1
DA:8,1
DA:9,1
DA:10,1
DA:12,36
DA:16,1
DA:19,1
DA:21,1
DA:23,1
DA:24,1
DA:26,1
DA:27,1
DA:28,1
DA:31,1
DA:33,1
DA:34,1
DA:35,1
DA:36,1
DA:37,1
DA:38,1
DA:40,1
DA:43,1
LF:28
LH:28
BRDA:12,0,0,18
BRDA:12,0,1,17
BRDA:12,1,0,7
BRDA:12,1,1,7
BRDA:12,1,2,6
BRDA:26,2,0,1
BRDA:26,2,1,0
BRF:7
BRH:6
end_of_record
TN:
SF:src\controller\adminController.js
FN:5,(anonymous_0)
FN:7,_callee
FN:7,_callee$
FN:32,createAdmin
FNF:4
FNH:1
FNDA:2,(anonymous_0)
FNDA:0,_callee
FNDA:0,_callee$
FNDA:0,createAdmin
DA:1,1
DA:2,1
DA:5,3
DA:7,0
DA:8,0
DA:9,0
DA:12,0
DA:18,0
DA:20,0
DA:24,0
DA:27,0
DA:30,0
DA:32,2
DA:36,1
LF:14
LH:5
BRDA:7,0,0,0
BRDA:7,0,1,0
BRDA:7,0,2,0
BRDA:7,0,3,0
BRDA:7,0,4,0
BRDA:7,0,5,0
BRDA:7,0,6,0
BRF:7
BRH:0
end_of_record
TN:
SF:src\controller\blogController.js
FN:6,(anonymous_0)
FN:8,_callee
FN:8,_callee$
FN:34,createBlog
FN:36,_callee2
FN:36,_callee2$
FN:53,retrieveAllBlog
FN:56,_callee3
FN:56,_callee3$
FN:72,getSingleBlog
FN:74,_callee4
FN:74,_callee4$
FN:89,deleteBlog
FN:91,_callee5
FN:91,_callee5$
FN:110,updateBlog
FNF:16
FNH:11
FNDA:2,(anonymous_0)
FNDA:0,_callee
FNDA:0,_callee$
FNDA:1,createBlog
FNDA:1,_callee2
FNDA:2,_callee2$
FNDA:2,retrieveAllBlog
FNDA:1,_callee3
FNDA:2,_callee3$
FNDA:2,getSingleBlog
FNDA:1,_callee4
FNDA:2,_callee4$
FNDA:2,deleteBlog
FNDA:0,_callee5
FNDA:0,_callee5$
FNDA:0,updateBlog
DA:1,1
DA:2,1
DA:6,2
DA:8,0
DA:11,0
DA:12,0
DA:13,0
DA:21,0
DA:23,0
DA:26,0
DA:29,0
DA:32,0
DA:34,1
DA:36,6
DA:39,1
DA:40,1
DA:45,2
DA:48,0
DA:51,1
DA:53,2
DA:56,6
DA:58,1
DA:59,1
DA:64,2
DA:67,0
DA:70,1
DA:72,2
DA:74,6
DA:77,1
DA:80,2
DA:84,0
DA:87,1
DA:89,2
DA:91,0
DA:94,0
DA:95,0
DA:96,0
DA:97,0
DA:103,0
DA:106,0
DA:108,0
DA:110,2
DA:114,1
LF:43
LH:23
BRDA:8,0,0,0
BRDA:8,0,1,0
BRDA:8,0,2,0
BRDA:8,0,3,0
BRDA:8,0,4,0
BRDA:8,0,5,0
BRDA:36,1,0,1
BRDA:36,1,1,1
BRDA:36,1,2,0
BRDA:36,1,3,1
BRDA:36,1,4,1
BRDA:56,2,0,1
BRDA:56,2,1,1
BRDA:56,2,2,0
BRDA:56,2,3,1
BRDA:56,2,4,1
BRDA:74,3,0,1
BRDA:74,3,1,1
BRDA:74,3,2,0
BRDA:74,3,3,1
BRDA:74,3,4,1
BRDA:91,4,0,0
BRDA:91,4,1,0
BRDA:91,4,2,0
BRDA:91,4,3,0
BRDA:91,4,4,0
BRDA:91,4,5,0
BRDA:91,4,6,0
BRDA:91,4,7,0
BRF:29
BRH:12
end_of_record
TN:
SF:src\controller\contactController.js
FN:3,(anonymous_0)
FN:5,_callee
FN:5,_callee$
FN:27,CreateMessage
FN:29,_callee2
FN:29,_callee2$
FN:45,getMessages
FN:47,_callee3
FN:47,_callee3$
FN:64,getSingleMessage
FN:66,_callee4
FN:66,_callee4$
FN:81,deleteMessage
FNF:13
FNH:13
FNDA:2,(anonymous_0)
FNDA:1,_callee
FNDA:2,_callee$
FNDA:2,CreateMessage
FNDA:1,_callee2
FNDA:2,_callee2$
FNDA:2,getMessages
FNDA:1,_callee3
FNDA:2,_callee3$
FNDA:2,getSingleMessage
FNDA:1,_callee4
FNDA:2,_callee4$
FNDA:1,deleteMessage
DA:1,1
DA:3,2
DA:5,6
DA:7,1
DA:12,1
DA:14,1
DA:18,2
DA:22,0
DA:25,1
DA:27,2
DA:29,6
DA:31,1
DA:32,1
DA:37,2
DA:40,0
DA:43,1
DA:45,2
DA:47,6
DA:49,1
DA:50,1
DA:55,2
DA:58,0
DA:61,1
DA:64,2
DA:66,6
DA:69,1
DA:72,2
DA:76,0
DA:79,1
DA:81,3
DA:86,1
LF:31
LH:27
BRDA:5,0,0,1
BRDA:5,0,1,1
BRDA:5,0,2,0
BRDA:5,0,3,1
BRDA:5,0,4,1
BRDA:29,1,0,1
BRDA:29,1,1,1
BRDA:29,1,2,0
BRDA:29,1,3,1
BRDA:29,1,4,1
BRDA:47,2,0,1
BRDA:47,2,1,1
BRDA:47,2,2,0
BRDA:47,2,3,1
BRDA:47,2,4,1
BRDA:66,3,0,1
BRDA:66,3,1,1
BRDA:66,3,2,0
BRDA:66,3,3,1
BRDA:66,3,4,1
BRF:20
BRH:16
end_of_record
TN:
SF:src\controller\userController.js
FN:10,(anonymous_0)
FN:12,_callee
FN:12,_callee$
FN:38,createUser
FN:41,_callee2
FN:41,_callee2$
FN:58,getUsers
FN:62,_callee3
FN:62,_callee3$
FN:79,getSingleUser
FN:82,_callee4
FN:82,_callee4$
FN:97,deleteUser
FN:101,_callee5
FN:101,_callee5$
FN:134,login
FNF:16
FNH:16
FNDA:2,(anonymous_0)
FNDA:1,_callee
FNDA:4,_callee$
FNDA:2,createUser
FNDA:1,_callee2
FNDA:2,_callee2$
FNDA:2,getUsers
FNDA:1,_callee3
FNDA:2,_callee3$
FNDA:2,getSingleUser
FNDA:1,_callee4
FNDA:2,_callee4$
FNDA:2,deleteUser
FNDA:11,_callee5
FNDA:33,_callee5$
FNDA:11,login
DA:1,1
DA:2,1
DA:3,1
DA:4,1
DA:6,1
DA:10,2
DA:12,10
DA:13,1
DA:14,1
DA:17,1
DA:22,1
DA:25,1
DA:29,2
DA:32,0
DA:33,0
DA:36,1
DA:38,2
DA:41,6
DA:44,1
DA:45,1
DA:50,2
DA:53,0
DA:56,1
DA:58,2
DA:62,6
DA:64,1
DA:65,1
DA:70,2
DA:74,0
DA:77,1
DA:79,2
DA:82,6
DA:85,1
DA:88,2
DA:92,0
DA:95,1
DA:97,2
DA:101,88
DA:103,11
DA:104,11
DA:105,0
DA:110,11
DA:111,11
DA:112,11
DA:113,0
DA:119,11
DA:120,11
DA:124,22
DA:128,0
DA:131,11
DA:134,13
DA:139,1
LF:52
LH:44
BRDA:12,0,0,1
BRDA:12,0,1,1
BRDA:12,0,2,1
BRDA:12,0,3,1
BRDA:12,0,4,0
BRDA:12,0,5,1
BRDA:12,0,6,1
BRDA:41,1,0,1
BRDA:41,1,1,1
BRDA:41,1,2,0
BRDA:41,1,3,1
BRDA:41,1,4,1
BRDA:62,2,0,1
BRDA:62,2,1,1
BRDA:62,2,2,0
BRDA:62,2,3,1
BRDA:62,2,4,1
BRDA:82,3,0,1
BRDA:82,3,1,1
BRDA:82,3,2,0
BRDA:82,3,3,1
BRDA:82,3,4,1
BRDA:101,4,0,11
BRDA:101,4,1,11
BRDA:101,4,2,11
BRDA:101,4,3,0
BRDA:101,4,4,11
BRDA:101,4,5,11
BRDA:104,5,0,0
BRDA:104,5,1,11
BRDA:112,6,0,0
BRDA:112,6,1,11
BRF:32
BRH:25
end_of_record
TN:
SF:src\database\db.js
FN:4,(anonymous_0)
FN:4,_callee
FN:4,dbConnect
FNF:3
FNH:3
FNDA:1,(anonymous_0)
FNDA:3,_callee
FNDA:1,dbConnect
DA:1,1
DA:4,6
DA:11,2
DA:15,1
DA:17,1
DA:20,1
LF:6
LH:6
BRDA:4,0,0,1
BRDA:4,0,1,1
BRDA:4,0,2,0
BRDA:4,0,3,1
BRDA:4,0,4,1
BRF:5
BRH:4
end_of_record
TN:
SF:src\helpers\blog.doc.js
FNF:0
FNH:0
DA:1,1
DA:32,1
DA:75,1
DA:148,1
DA:182,1
DA:196,1
LF:6
LH:6
BRF:0
BRH:0
end_of_record
TN:
SF:src\helpers\contact.doc.js
FNF:0
FNH:0
DA:1,1
DA:26,1
DA:60,1
DA:111,1
DA:146,1
DA:161,1
LF:6
LH:6
BRF:0
BRH:0
end_of_record
TN:
SF:src\helpers\user.doc.js
FNF:0
FNH:0
DA:1,1
DA:54,1
DA:98,1
DA:124,1
DA:177,1
DA:211,1
DA:229,1
LF:7
LH:7
BRF:0
BRH:0
end_of_record
TN:
SF:src\middleware\authenticate.js
FN:3,verifyToken
FNF:1
FNH:1
FNDA:3,verifyToken
DA:1,1
DA:3,1
DA:4,3
DA:5,3
DA:6,3
DA:7,0
DA:9,3
DA:10,3
DA:11,3
DA:12,3
DA:15,0
DA:21,1
LF:12
LH:10
BRDA:6,0,0,0
BRDA:6,0,1,3
BRF:2
BRH:1
end_of_record
TN:
SF:src\middleware\isAdmin.js
FN:4,(anonymous_0)
FN:4,_callee
FN:4,_callee$
FN:4,isAdmin
FN:24,(anonymous_4)
FN:24,_callee2
FN:24,_callee2$
FN:24,findUser
FNF:8
FNH:2
FNDA:1,(anonymous_0)
FNDA:0,_callee
FNDA:0,_callee$
FNDA:0,isAdmin
FNDA:1,(anonymous_4)
FNDA:0,_callee2
FNDA:0,_callee2$
FNDA:0,findUser
DA:1,1
DA:4,1
DA:6,0
DA:8,0
DA:14,0
DA:18,0
DA:21,1
DA:24,1
DA:26,0
DA:28,0
DA:31,0
DA:32,0
DA:36,0
DA:38,0
DA:40,1
LF:15
LH:5
BRDA:4,0,0,0
BRDA:4,0,1,0
BRDA:4,0,2,0
BRDA:4,0,3,0
BRDA:4,0,4,0
BRDA:4,0,5,0
BRDA:6,1,0,0
BRDA:6,1,1,0
BRDA:24,2,0,0
BRDA:24,2,1,0
BRDA:24,2,2,0
BRDA:24,2,3,0
BRDA:24,2,4,0
BRDA:24,2,5,0
BRDA:26,3,0,0
BRDA:26,3,1,0
BRF:16
BRH:0
end_of_record
TN:
SF:src\middleware\validatedContact.js
FN:4,validatedContact
FNF:1
FNH:1
FNDA:1,validatedContact
DA:2,1
DA:4,1
DA:5,1
DA:6,1
DA:7,0
DA:12,1
DA:13,1
DA:16,1
LF:8
LH:7
BRDA:6,0,0,0
BRDA:6,0,1,1
BRF:2
BRH:1
end_of_record
TN:
SF:src\middleware\validatedUser.js
FN:5,validatedUser
FNF:1
FNH:1
FNDA:1,validatedUser
DA:1,1
DA:5,1
DA:6,1
DA:7,1
DA:8,0
DA:13,1
DA:15,1
DA:18,1
LF:8
LH:7
BRDA:7,0,0,0
BRDA:7,0,1,1
BRF:2
BRH:1
end_of_record
TN:
SF:src\models\BlogModel.js
FNF:0
FNH:0
DA:1,1
DA:3,1
DA:25,1
DA:27,1
LF:4
LH:4
BRF:0
BRH:0
end_of_record
TN:
SF:src\models\UserModel.js
FNF:0
FNH:0
DA:1,1
DA:3,1
DA:27,1
DA:29,1
LF:4
LH:4
BRF:0
BRH:0
end_of_record
TN:
SF:src\models\contactModel.js
FNF:0
FNH:0
DA:1,1
DA:3,1
DA:22,1
DA:24,1
LF:4
LH:4
BRF:0
BRH:0
end_of_record
TN:
SF:src\routes\adminRoute.js
FNF:0
FNH:0
DA:1,1
DA:2,1
DA:3,1
DA:4,1
DA:7,1
DA:9,1
DA:11,1
LF:7
LH:7
BRF:0
BRH:0
end_of_record
TN:
SF:src\routes\blogRoute.js
FNF:0
FNH:0
DA:1,1
DA:2,1
DA:4,1
DA:5,1
DA:6,1
DA:9,1
DA:11,1
DA:12,1
DA:13,1
DA:14,1
DA:15,1
DA:17,1
LF:12
LH:12
BRF:0
BRH:0
end_of_record
TN:
SF:src\routes\contactRoute.js
FNF:0
FNH:0
DA:1,1
DA:2,1
DA:3,1
DA:4,1
DA:6,1
DA:8,1
DA:9,1
DA:10,1
DA:11,1
DA:13,1
LF:10
LH:10
BRF:0
BRH:0
end_of_record
TN:
SF:src\routes\userRoute.js
FNF:0
FNH:0
DA:1,1
DA:2,1
DA:3,1
DA:4,1
DA:5,1
DA:7,1
DA:9,1
DA:10,1
DA:11,1
DA:12,1
DA:13,1
DA:15,1
LF:12
LH:12
BRF:0
BRH:0
end_of_record
TN:
SF:src\upload\cloudinary.js
FNF:0
FNH:0
DA:1,1
DA:2,1
DA:4,1
DA:6,1
DA:13,1
LF:5
LH:5
BRF:0
BRH:0
end_of_record
TN:
SF:src\upload\multer.js
FN:6,filename
FN:9,fileFilter
FNF:2
FNH:0
FNDA:0,filename
FNDA:0,fileFilter
DA:1,1
DA:2,1
DA:4,1
DA:7,0
DA:10,0
DA:12,0
DA:13,0
DA:14,0
DA:16,0
DA:22,1
LF:10
LH:4
BRDA:12,0,0,0
BRDA:12,0,1,0
BRDA:12,1,0,0
BRDA:12,1,1,0
BRDA:12,1,2,0
BRF:5
BRH:0
end_of_record
TN:
SF:src\validation\contactValidation.js
FNF:0
FNH:0
DA:1,1
DA:4,1
DA:11,1
LF:3
LH:3
BRF:0
BRH:0
end_of_record
TN:
SF:src\validation\userValidation.js
FNF:0
FNH:0
DA:1,1
DA:3,1
DA:11,1
LF:3
LH:3
BRF:0
BRH:0
end_of_record
